SF:C:\Users\Hp\source\repos\sportManagement\Program.cs
FN:10,System.Void Program::<Main>$(System.String[])
FNDA:0,System.Void Program::<Main>$(System.String[])
DA:11,0
DA:12,0
DA:16,0
DA:17,0
DA:18,0
DA:21,0
DA:22,0
DA:23,0
DA:24,0
DA:25,0
DA:26,0
DA:29,0
DA:30,0
DA:31,0
DA:32,0
DA:34,0
DA:37,0
DA:38,0
DA:39,0
DA:40,0
DA:41,0
DA:42,0
DA:43,0
DA:44,0
DA:46,0
DA:50,0
DA:52,0
DA:53,0
DA:54,0
DA:55,0
DA:56,0
DA:57,0
DA:58,0
DA:59,0
DA:60,0
DA:62,0
DA:64,0
DA:65,0
DA:67,0
DA:68,0
DA:71,0
DA:72,0
DA:73,0
DA:74,0
DA:75,0
DA:77,0
BRDA:52,259,0,0
BRDA:52,259,1,0
LF:46
LH:0
BRF:2
BRH:0
FNF:1
FNH:0
end_of_record
SF:C:\Users\Hp\source\repos\sportManagement\Services\AuthService.cs
FN:20,System.Void Assignment_Example_HU.Services.AuthService::.ctor(Microsoft.AspNetCore.Identity.UserManager`1<Assignment_Example_HU.Models.User>,Assignment_Example_HU.Services.Interfaces.ITokenService,AutoMapper.IMapper)
FNDA:8,System.Void Assignment_Example_HU.Services.AuthService::.ctor(Microsoft.AspNetCore.Identity.UserManager`1<Assignment_Example_HU.Models.User>,Assignment_Example_HU.Services.Interfaces.ITokenService,AutoMapper.IMapper)
DA:21,8
DA:22,8
DA:23,8
DA:24,8
DA:25,8
DA:26,8
DA:27,8
DA:28,8
DA:29,8
FN:54,System.String Assignment_Example_HU.Services.AuthService/<>c::<RegisterAsync>b__4_0(Microsoft.AspNetCore.Identity.IdentityError)
FNDA:2,System.String Assignment_Example_HU.Services.AuthService/<>c::<RegisterAsync>b__4_0(Microsoft.AspNetCore.Identity.IdentityError)
DA:55,2
FN:69,System.Void Assignment_Example_HU.Services.AuthService/<LoginAsync>d__5::MoveNext()
FNDA:4,System.Void Assignment_Example_HU.Services.AuthService/<LoginAsync>d__5::MoveNext()
DA:70,4
DA:72,4
DA:73,2
DA:74,2
DA:75,2
DA:76,1
DA:77,1
DA:78,1
DA:79,1
DA:80,1
DA:81,1
DA:82,1
DA:83,1
DA:84,1
DA:85,1
DA:87,2
DA:88,2
DA:89,2
DA:90,2
DA:91,2
DA:92,2
DA:93,2
DA:96,2
DA:97,2
DA:98,1
DA:99,1
DA:102,1
DA:103,1
DA:104,1
DA:105,1
DA:108,0
DA:109,0
DA:111,0
DA:113,0
DA:114,0
DA:115,0
DA:116,0
DA:117,0
DA:118,0
DA:119,2
BRDA:72,82,0,2
BRDA:72,82,1,2
BRDA:72,110,0,2
BRDA:75,265,0,1
BRDA:75,265,1,2
BRDA:72,110,1,2
BRDA:97,727,0,1
BRDA:97,727,1,1
BRDA:103,898,0,1
BRDA:103,898,1,0
FN:31,System.Void Assignment_Example_HU.Services.AuthService/<RegisterAsync>d__4::MoveNext()
FNDA:4,System.Void Assignment_Example_HU.Services.AuthService/<RegisterAsync>d__4::MoveNext()
DA:32,4
DA:33,4
DA:34,4
DA:35,1
DA:36,1
DA:39,3
DA:40,3
DA:41,3
DA:42,3
DA:43,3
DA:44,3
DA:45,3
DA:47,3
DA:48,1
DA:49,1
DA:50,1
DA:52,3
DA:53,3
DA:54,1
DA:56,1
DA:59,2
DA:61,2
DA:62,2
DA:63,2
DA:64,2
DA:65,2
DA:66,2
DA:67,2
BRDA:34,185,0,1
BRDA:34,185,1,3
BRDA:47,306,0,1
BRDA:47,306,1,3
BRDA:53,501,0,1
BRDA:53,501,1,2
LF:78
LH:69
BRF:16
BRH:15
FNF:4
FNH:4
end_of_record
SF:C:\Users\Hp\source\repos\sportManagement\Services\CourtService.cs
FN:21,System.Void Assignment_Example_HU.Services.CourtService::.ctor(Assignment_Example_HU.Repositories.Interfaces.ICourtRepository,Assignment_Example_HU.Repositories.Interfaces.IVenueRepository,Assignment_Example_HU.Services.Interfaces.IVenueService,AutoMapper.IMapper)
FNDA:15,System.Void Assignment_Example_HU.Services.CourtService::.ctor(Assignment_Example_HU.Repositories.Interfaces.ICourtRepository,Assignment_Example_HU.Repositories.Interfaces.IVenueRepository,Assignment_Example_HU.Services.Interfaces.IVenueService,AutoMapper.IMapper)
DA:22,15
DA:23,15
DA:24,15
DA:25,15
DA:26,15
DA:27,15
DA:28,15
DA:29,15
DA:30,15
DA:31,15
DA:32,15
FN:34,System.Void Assignment_Example_HU.Services.CourtService/<CreateCourtAsync>d__5::MoveNext()
FNDA:3,System.Void Assignment_Example_HU.Services.CourtService/<CreateCourtAsync>d__5::MoveNext()
DA:35,3
DA:36,3
DA:37,3
DA:38,1
DA:39,1
DA:42,2
DA:43,1
DA:44,1
DA:47,1
DA:48,1
DA:49,1
DA:51,1
DA:52,1
DA:54,1
DA:55,1
DA:56,1
BRDA:37,212,0,1
BRDA:37,212,1,2
BRDA:42,370,0,1
BRDA:42,370,1,1
FN:111,System.Void Assignment_Example_HU.Services.CourtService/<DeleteCourtAsync>d__10::MoveNext()
FNDA:3,System.Void Assignment_Example_HU.Services.CourtService/<DeleteCourtAsync>d__10::MoveNext()
DA:112,3
DA:113,3
DA:114,3
DA:115,1
DA:116,1
DA:119,2
DA:120,1
DA:121,1
DA:124,1
DA:125,1
DA:126,1
BRDA:114,189,0,1
BRDA:114,189,1,2
BRDA:119,337,0,1
BRDA:119,337,1,1
FN:72,System.Void Assignment_Example_HU.Services.CourtService/<GetAllCourtsAsync>d__8::MoveNext()
FNDA:1,System.Void Assignment_Example_HU.Services.CourtService/<GetAllCourtsAsync>d__8::MoveNext()
DA:73,1
DA:74,1
DA:75,1
DA:77,5
DA:78,1
DA:79,1
DA:80,1
DA:81,1
DA:82,1
DA:83,1
DA:84,1
DA:86,1
DA:87,1
BRDA:77,438,1,1
BRDA:80,374,0,1
BRDA:80,374,1,1
BRDA:77,438,0,1
FN:58,System.Void Assignment_Example_HU.Services.CourtService/<GetCourtByIdAsync>d__6::MoveNext()
FNDA:2,System.Void Assignment_Example_HU.Services.CourtService/<GetCourtByIdAsync>d__6::MoveNext()
DA:59,2
DA:60,2
DA:61,3
DA:63,1
DA:64,2
BRDA:61,164,0,1
BRDA:61,164,1,1
FN:66,System.Void Assignment_Example_HU.Services.CourtService/<GetCourtsByVenueIdAsync>d__7::MoveNext()
FNDA:1,System.Void Assignment_Example_HU.Services.CourtService/<GetCourtsByVenueIdAsync>d__7::MoveNext()
DA:67,1
DA:68,1
DA:69,1
DA:70,1
FN:128,System.Void Assignment_Example_HU.Services.CourtService/<IsCourtOwnerAsync>d__11::MoveNext()
FNDA:6,System.Void Assignment_Example_HU.Services.CourtService/<IsCourtOwnerAsync>d__11::MoveNext()
DA:129,6
DA:130,6
DA:131,7
DA:133,5
DA:134,6
BRDA:131,175,0,1
BRDA:131,175,1,5
FN:89,System.Void Assignment_Example_HU.Services.CourtService/<UpdateCourtAsync>d__9::MoveNext()
FNDA:3,System.Void Assignment_Example_HU.Services.CourtService/<UpdateCourtAsync>d__9::MoveNext()
DA:90,3
DA:91,3
DA:92,3
DA:93,1
DA:94,1
DA:97,2
DA:98,1
DA:99,1
DA:102,1
DA:104,1
DA:105,1
DA:107,1
DA:108,1
DA:109,1
BRDA:92,207,0,1
BRDA:92,207,1,2
BRDA:97,355,0,1
BRDA:97,355,1,1
LF:79
LH:79
BRF:20
BRH:20
FNF:8
FNH:8
end_of_record
SF:C:\Users\Hp\source\repos\sportManagement\Services\DemandTrackingService.cs
FN:53,System.String Assignment_Example_HU.Services.DemandTrackingService::GetCacheKey(System.Guid)
FNDA:6,System.String Assignment_Example_HU.Services.DemandTrackingService::GetCacheKey(System.Guid)
DA:54,6
DA:55,6
DA:56,6
FN:12,System.Void Assignment_Example_HU.Services.DemandTrackingService::.ctor(Microsoft.Extensions.Caching.Distributed.IDistributedCache)
FNDA:5,System.Void Assignment_Example_HU.Services.DemandTrackingService::.ctor(Microsoft.Extensions.Caching.Distributed.IDistributedCache)
DA:13,5
DA:15,5
DA:16,5
DA:17,5
DA:18,5
FN:34,System.Void Assignment_Example_HU.Services.DemandTrackingService/<GetViewerCountAsync>d__5::MoveNext()
FNDA:4,System.Void Assignment_Example_HU.Services.DemandTrackingService/<GetViewerCountAsync>d__5::MoveNext()
DA:35,4
DA:36,4
DA:37,4
DA:39,4
DA:40,1
DA:41,1
DA:44,3
DA:45,4
BRDA:39,193,0,1
BRDA:39,193,1,3
BRDA:44,217,0,1
BRDA:44,217,1,2
FN:20,System.Void Assignment_Example_HU.Services.DemandTrackingService/<IncrementViewerCountAsync>d__4::MoveNext()
FNDA:1,System.Void Assignment_Example_HU.Services.DemandTrackingService/<IncrementViewerCountAsync>d__4::MoveNext()
DA:21,1
DA:22,1
DA:23,1
DA:24,1
DA:26,1
DA:27,1
DA:28,1
DA:29,1
DA:31,1
DA:32,1
FN:47,System.Void Assignment_Example_HU.Services.DemandTrackingService/<ResetViewerCountAsync>d__6::MoveNext()
FNDA:1,System.Void Assignment_Example_HU.Services.DemandTrackingService/<ResetViewerCountAsync>d__6::MoveNext()
DA:48,1
DA:49,1
DA:50,1
DA:51,1
LF:30
LH:30
BRF:4
BRH:4
FNF:5
FNH:5
end_of_record
SF:C:\Users\Hp\source\repos\sportManagement\Services\DiscountService.cs
FN:21,System.Void Assignment_Example_HU.Services.DiscountService::.ctor(Assignment_Example_HU.Repositories.Interfaces.IDiscountRepository,Assignment_Example_HU.Repositories.Interfaces.IVenueRepository,Assignment_Example_HU.Repositories.Interfaces.ICourtRepository,Assignment_Example_HU.Services.Interfaces.IVenueService,Assignment_Example_HU.Services.Interfaces.ICourtService,AutoMapper.IMapper)
FNDA:16,System.Void Assignment_Example_HU.Services.DiscountService::.ctor(Assignment_Example_HU.Repositories.Interfaces.IDiscountRepository,Assignment_Example_HU.Repositories.Interfaces.IVenueRepository,Assignment_Example_HU.Repositories.Interfaces.ICourtRepository,Assignment_Example_HU.Services.Interfaces.IVenueService,Assignment_Example_HU.Services.Interfaces.ICourtService,AutoMapper.IMapper)
DA:22,16
DA:23,16
DA:24,16
DA:25,16
DA:26,16
DA:27,16
DA:28,16
DA:29,16
DA:30,16
DA:31,16
DA:32,16
DA:33,16
DA:34,16
DA:35,16
DA:36,16
FN:38,System.Void Assignment_Example_HU.Services.DiscountService/<CreateDiscountAsync>d__7::MoveNext()
FNDA:4,System.Void Assignment_Example_HU.Services.DiscountService/<CreateDiscountAsync>d__7::MoveNext()
DA:39,4
DA:40,4
DA:41,2
DA:42,2
DA:43,1
DA:44,1
DA:46,1
DA:47,2
DA:48,2
DA:49,2
DA:50,1
DA:51,1
DA:53,1
DA:55,2
DA:56,2
DA:57,2
DA:59,2
DA:60,2
DA:62,2
DA:63,2
BRDA:40,64,0,2
BRDA:40,64,1,2
BRDA:40,90,0,2
BRDA:42,249,0,1
BRDA:42,249,1,1
BRDA:40,90,1,2
BRDA:47,281,0,2
BRDA:47,281,1,0
BRDA:47,309,0,2
BRDA:49,468,0,1
BRDA:49,468,1,1
BRDA:47,309,1,2
FN:117,System.Void Assignment_Example_HU.Services.DiscountService/<DeleteDiscountAsync>d__12::MoveNext()
FNDA:4,System.Void Assignment_Example_HU.Services.DiscountService/<DeleteDiscountAsync>d__12::MoveNext()
DA:118,4
DA:119,4
DA:120,4
DA:121,1
DA:122,1
DA:126,3
DA:127,2
DA:128,2
DA:129,1
DA:130,1
DA:132,1
DA:133,1
DA:134,1
DA:135,1
DA:136,0
DA:137,0
DA:139,1
DA:141,2
DA:142,2
DA:143,2
BRDA:120,198,0,1
BRDA:120,198,1,3
BRDA:126,236,0,2
BRDA:128,395,0,1
BRDA:128,395,1,1
BRDA:126,236,1,1
BRDA:133,439,0,1
BRDA:135,598,0,0
BRDA:135,598,1,1
BRDA:133,439,1,2
FN:65,System.Void Assignment_Example_HU.Services.DiscountService/<GetDiscountByIdAsync>d__8::MoveNext()
FNDA:2,System.Void Assignment_Example_HU.Services.DiscountService/<GetDiscountByIdAsync>d__8::MoveNext()
DA:66,2
DA:67,2
DA:68,3
DA:70,1
DA:71,2
BRDA:68,164,0,1
BRDA:68,164,1,1
FN:79,System.Void Assignment_Example_HU.Services.DiscountService/<GetDiscountsByCourtIdAsync>d__10::MoveNext()
FNDA:1,System.Void Assignment_Example_HU.Services.DiscountService/<GetDiscountsByCourtIdAsync>d__10::MoveNext()
DA:80,1
DA:81,1
DA:82,1
DA:83,1
FN:73,System.Void Assignment_Example_HU.Services.DiscountService/<GetDiscountsByVenueIdAsync>d__9::MoveNext()
FNDA:1,System.Void Assignment_Example_HU.Services.DiscountService/<GetDiscountsByVenueIdAsync>d__9::MoveNext()
DA:74,1
DA:75,1
DA:76,1
DA:77,1
FN:85,System.Void Assignment_Example_HU.Services.DiscountService/<UpdateDiscountAsync>d__11::MoveNext()
FNDA:4,System.Void Assignment_Example_HU.Services.DiscountService/<UpdateDiscountAsync>d__11::MoveNext()
DA:86,4
DA:87,4
DA:88,4
DA:89,1
DA:90,1
DA:94,3
DA:95,2
DA:96,2
DA:97,1
DA:98,1
DA:100,1
DA:101,1
DA:102,1
DA:103,1
DA:104,1
DA:105,1
DA:107,0
DA:109,1
DA:111,1
DA:112,1
DA:114,1
DA:115,1
BRDA:88,207,0,1
BRDA:88,207,1,3
BRDA:94,245,0,2
BRDA:96,404,0,1
BRDA:96,404,1,1
BRDA:94,245,1,1
BRDA:101,448,0,1
BRDA:103,607,0,1
BRDA:103,607,1,0
BRDA:101,448,1,1
LF:90
LH:87
BRF:34
BRH:31
FNF:7
FNH:7
end_of_record
SF:C:\Users\Hp\source\repos\sportManagement\Services\DistributedLockService.cs
FN:21,System.Threading.Tasks.Task`1<System.Boolean> Assignment_Example_HU.Services.DistributedLockService::AcquireLockAsync(System.String,System.TimeSpan)
FNDA:6,System.Threading.Tasks.Task`1<System.Boolean> Assignment_Example_HU.Services.DistributedLockService::AcquireLockAsync(System.String,System.TimeSpan)
DA:22,6
DA:23,6
DA:25,6
DA:26,6
DA:27,6
DA:28,1
DA:29,1
DA:33,5
DA:34,5
DA:37,5
DA:38,5
DA:40,5
DA:41,6
BRDA:27,49,0,1
BRDA:27,49,1,5
FN:43,System.Threading.Tasks.Task Assignment_Example_HU.Services.DistributedLockService::ReleaseLockAsync(System.String)
FNDA:1,System.Threading.Tasks.Task Assignment_Example_HU.Services.DistributedLockService::ReleaseLockAsync(System.String)
DA:44,1
DA:45,1
DA:46,1
DA:47,1
DA:48,1
FN:50,System.Threading.Tasks.Task`1<System.Boolean> Assignment_Example_HU.Services.DistributedLockService::IsLockedAsync(System.String)
FNDA:5,System.Threading.Tasks.Task`1<System.Boolean> Assignment_Example_HU.Services.DistributedLockService::IsLockedAsync(System.String)
DA:51,5
DA:52,5
DA:53,5
DA:54,5
DA:55,5
FN:15,System.Void Assignment_Example_HU.Services.DistributedLockService::.ctor(Microsoft.Extensions.Caching.Memory.IMemoryCache)
FNDA:4,System.Void Assignment_Example_HU.Services.DistributedLockService::.ctor(Microsoft.Extensions.Caching.Memory.IMemoryCache)
DA:16,4
DA:17,4
DA:18,4
DA:19,4
FN:13,System.Void Assignment_Example_HU.Services.DistributedLockService::.cctor()
FNDA:1,System.Void Assignment_Example_HU.Services.DistributedLockService::.cctor()
DA:14,1
LF:28
LH:28
BRF:2
BRH:2
FNF:5
FNH:5
end_of_record
SF:C:\Users\Hp\source\repos\sportManagement\Services\GameService.cs
FN:22,System.Void Assignment_Example_HU.Services.GameService::.ctor(Assignment_Example_HU.Repositories.Interfaces.IGameRepository,Microsoft.AspNetCore.Identity.UserManager`1<Assignment_Example_HU.Models.User>,Assignment_Example_HU.Repositories.Interfaces.IGamePlayerRepository,Assignment_Example_HU.Repositories.Interfaces.ISlotRepository,AutoMapper.IMapper)
FNDA:19,System.Void Assignment_Example_HU.Services.GameService::.ctor(Assignment_Example_HU.Repositories.Interfaces.IGameRepository,Microsoft.AspNetCore.Identity.UserManager`1<Assignment_Example_HU.Models.User>,Assignment_Example_HU.Repositories.Interfaces.IGamePlayerRepository,Assignment_Example_HU.Repositories.Interfaces.ISlotRepository,AutoMapper.IMapper)
DA:23,19
DA:24,19
DA:25,19
DA:26,19
DA:27,19
DA:28,19
DA:29,19
DA:30,19
DA:31,19
DA:32,19
DA:33,19
DA:34,19
DA:35,19
FN:134,System.Boolean Assignment_Example_HU.Services.GameService/<>c__DisplayClass10_0::<LeaveGameAsync>b__0(Assignment_Example_HU.Models.GamePlayer)
FNDA:5,System.Boolean Assignment_Example_HU.Services.GameService/<>c__DisplayClass10_0::<LeaveGameAsync>b__0(Assignment_Example_HU.Models.GamePlayer)
DA:135,5
FN:97,System.Boolean Assignment_Example_HU.Services.GameService/<>c__DisplayClass9_0::<JoinGameAsync>b__0(Assignment_Example_HU.Models.GamePlayer)
FNDA:6,System.Boolean Assignment_Example_HU.Services.GameService/<>c__DisplayClass9_0::<JoinGameAsync>b__0(Assignment_Example_HU.Models.GamePlayer)
DA:98,6
FN:152,System.Void Assignment_Example_HU.Services.GameService/<CancelGameAsync>d__11::MoveNext()
FNDA:3,System.Void Assignment_Example_HU.Services.GameService/<CancelGameAsync>d__11::MoveNext()
DA:153,3
DA:154,3
DA:155,3
DA:156,1
DA:157,1
DA:160,2
DA:161,1
DA:162,1
DA:165,1
DA:166,1
DA:168,1
DA:169,1
DA:171,1
DA:172,1
BRDA:155,189,0,1
BRDA:155,189,1,2
BRDA:160,229,0,1
BRDA:160,229,1,1
FN:179,System.Void Assignment_Example_HU.Services.GameService/<CancelGamesWithLowPlayersAsync>d__13::MoveNext()
FNDA:1,System.Void Assignment_Example_HU.Services.GameService/<CancelGamesWithLowPlayersAsync>d__13::MoveNext()
DA:180,1
DA:181,1
DA:182,1
DA:184,5
DA:185,1
DA:187,1
DA:188,1
DA:189,1
DA:190,1
DA:191,1
DA:192,1
DA:193,1
DA:194,1
DA:195,1
DA:196,1
DA:197,1
DA:198,1
DA:199,1
DA:200,1
DA:201,1
DA:203,1
DA:204,1
BRDA:184,853,1,1
BRDA:188,420,0,1
BRDA:191,576,0,1
BRDA:191,576,1,0
BRDA:191,621,0,1
BRDA:193,660,0,1
BRDA:193,660,1,1
BRDA:191,621,1,1
BRDA:188,420,1,1
BRDA:184,853,0,1
FN:37,System.Void Assignment_Example_HU.Services.GameService/<CreateGameAsync>d__6::MoveNext()
FNDA:1,System.Void Assignment_Example_HU.Services.GameService/<CreateGameAsync>d__6::MoveNext()
DA:38,1
DA:39,1
DA:40,1
DA:41,1
DA:42,1
DA:45,1
DA:46,1
DA:47,1
DA:48,1
DA:49,1
DA:50,1
DA:52,1
DA:53,1
DA:54,1
DA:56,1
DA:57,1
DA:58,1
FN:60,System.Void Assignment_Example_HU.Services.GameService/<GetGameByIdAsync>d__7::MoveNext()
FNDA:2,System.Void Assignment_Example_HU.Services.GameService/<GetGameByIdAsync>d__7::MoveNext()
DA:61,2
DA:62,2
DA:63,3
DA:65,1
DA:66,2
BRDA:63,164,0,1
BRDA:63,164,1,1
FN:68,System.Void Assignment_Example_HU.Services.GameService/<GetGamesByUserIdAsync>d__8::MoveNext()
FNDA:1,System.Void Assignment_Example_HU.Services.GameService/<GetGamesByUserIdAsync>d__8::MoveNext()
DA:69,1
DA:70,1
DA:71,1
DA:73,5
DA:74,1
DA:75,1
DA:76,1
DA:77,1
DA:78,1
DA:79,1
DA:80,1
DA:82,1
DA:83,1
BRDA:73,444,1,1
BRDA:76,380,0,1
BRDA:76,380,1,1
BRDA:73,444,0,1
FN:174,System.Void Assignment_Example_HU.Services.GameService/<GetPendingGamesWithLowPlayersAsync>d__12::MoveNext()
FNDA:1,System.Void Assignment_Example_HU.Services.GameService/<GetPendingGamesWithLowPlayersAsync>d__12::MoveNext()
DA:175,1
DA:176,1
DA:177,1
FN:85,System.Void Assignment_Example_HU.Services.GameService/<JoinGameAsync>d__9::MoveNext()
FNDA:5,System.Void Assignment_Example_HU.Services.GameService/<JoinGameAsync>d__9::MoveNext()
DA:86,5
DA:87,5
DA:88,5
DA:89,1
DA:90,1
DA:93,4
DA:94,1
DA:95,1
DA:99,1
DA:100,1
DA:103,2
DA:104,1
DA:105,1
DA:108,1
DA:109,1
DA:110,1
DA:111,1
DA:112,1
DA:113,1
DA:115,1
DA:116,1
DA:118,1
DA:119,1
DA:120,1
BRDA:88,231,0,1
BRDA:88,231,1,4
BRDA:93,266,0,1
BRDA:93,266,1,3
BRDA:98,317,0,1
BRDA:98,317,1,2
BRDA:103,367,0,1
BRDA:103,367,1,1
FN:122,System.Void Assignment_Example_HU.Services.GameService/<LeaveGameAsync>d__10::MoveNext()
FNDA:5,System.Void Assignment_Example_HU.Services.GameService/<LeaveGameAsync>d__10::MoveNext()
DA:123,5
DA:124,5
DA:125,5
DA:126,1
DA:127,1
DA:130,4
DA:131,1
DA:132,1
DA:136,3
DA:137,1
DA:138,1
DA:141,2
DA:142,1
DA:143,1
DA:146,1
DA:147,1
DA:149,1
DA:150,1
BRDA:125,222,0,1
BRDA:125,222,1,4
BRDA:130,257,0,1
BRDA:130,257,1,3
BRDA:136,323,0,1
BRDA:136,323,1,2
BRDA:141,364,0,1
BRDA:141,364,1,1
BRDA:141,392,0,1
BRDA:141,392,1,1
LF:131
LH:131
BRF:38
BRH:37
FNF:11
FNH:11
end_of_record
SF:C:\Users\Hp\source\repos\sportManagement\Services\PaymentService.cs
FN:23,System.Void Assignment_Example_HU.Services.PaymentService::.ctor(Assignment_Example_HU.Services.Interfaces.IWalletService,Assignment_Example_HU.Repositories.Interfaces.ISlotRepository,Assignment_Example_HU.Repositories.Interfaces.ITransactionRepository,Assignment_Example_HU.Repositories.Interfaces.IWalletRepository,Assignment_Example_HU.Data.AppDbContext,AutoMapper.IMapper)
FNDA:7,System.Void Assignment_Example_HU.Services.PaymentService::.ctor(Assignment_Example_HU.Services.Interfaces.IWalletService,Assignment_Example_HU.Repositories.Interfaces.ISlotRepository,Assignment_Example_HU.Repositories.Interfaces.ITransactionRepository,Assignment_Example_HU.Repositories.Interfaces.IWalletRepository,Assignment_Example_HU.Data.AppDbContext,AutoMapper.IMapper)
DA:24,7
DA:25,7
DA:26,7
DA:27,7
DA:28,7
DA:29,7
DA:30,7
DA:31,7
DA:32,7
DA:33,7
DA:34,7
DA:35,7
DA:36,7
DA:37,7
DA:38,7
FN:40,System.Void Assignment_Example_HU.Services.PaymentService/<ProcessPaymentAsync>d__7::MoveNext()
FNDA:7,System.Void Assignment_Example_HU.Services.PaymentService/<ProcessPaymentAsync>d__7::MoveNext()
DA:41,7
DA:43,7
DA:44,1
DA:45,1
DA:46,1
DA:47,1
DA:48,1
DA:49,1
DA:50,1
DA:51,1
DA:52,1
DA:53,1
DA:54,1
DA:55,1
DA:57,0
DA:60,6
DA:61,6
DA:62,1
DA:63,1
DA:66,5
DA:67,2
DA:68,2
DA:72,3
DA:73,3
DA:74,1
DA:75,1
DA:76,1
DA:77,1
DA:79,3
DA:82,3
DA:84,3
DA:86,3
DA:87,3
DA:89,3
DA:90,0
DA:91,0
DA:95,3
DA:96,1
DA:97,1
DA:100,2
DA:101,2
DA:104,2
DA:105,2
DA:106,2
DA:107,2
DA:108,2
DA:109,2
DA:110,2
DA:111,2
DA:112,2
DA:113,2
DA:114,2
DA:115,2
DA:116,2
DA:117,2
DA:118,2
DA:121,2
DA:122,2
DA:125,2
DA:126,2
DA:128,2
DA:129,2
DA:130,2
DA:131,2
DA:132,2
DA:134,2
DA:135,2
DA:136,2
DA:138,1
DA:139,1
DA:140,1
DA:141,1
DA:143,3
BRDA:43,135,0,1
BRDA:46,289,0,1
BRDA:46,289,1,0
BRDA:46,312,0,1
BRDA:48,362,0,0
BRDA:48,362,1,1
BRDA:46,312,1,0
BRDA:43,135,1,6
BRDA:61,616,0,1
BRDA:61,616,1,5
BRDA:66,642,0,4
BRDA:66,672,0,0
BRDA:66,672,1,4
BRDA:66,642,1,1
BRDA:66,698,0,2
BRDA:66,698,1,3
BRDA:73,875,0,1
BRDA:73,875,1,3
BRDA:82,1314,0,3
BRDA:82,1314,1,3
BRDA:89,1704,0,0
BRDA:89,1704,1,3
BRDA:95,1744,0,1
BRDA:95,1744,1,2
LF:88
LH:85
BRF:24
BRH:19
FNF:2
FNH:2
end_of_record
SF:C:\Users\Hp\source\repos\sportManagement\Services\PricingService.cs
FN:19,System.Void Assignment_Example_HU.Services.PricingService::.ctor(Assignment_Example_HU.Services.Interfaces.IDemandTrackingService,Assignment_Example_HU.Repositories.Interfaces.IDiscountRepository,Assignment_Example_HU.Repositories.Interfaces.ISlotRepository,Assignment_Example_HU.Data.AppDbContext)
FNDA:21,System.Void Assignment_Example_HU.Services.PricingService::.ctor(Assignment_Example_HU.Services.Interfaces.IDemandTrackingService,Assignment_Example_HU.Repositories.Interfaces.IDiscountRepository,Assignment_Example_HU.Repositories.Interfaces.ISlotRepository,Assignment_Example_HU.Data.AppDbContext)
DA:20,21
DA:21,21
DA:22,21
DA:23,21
DA:24,21
DA:25,21
DA:26,21
DA:27,21
DA:28,21
DA:29,21
DA:30,21
FN:119,System.Boolean Assignment_Example_HU.Services.PricingService/<>c__DisplayClass9_0::<GetDiscountFactorAsync>b__0(Assignment_Example_HU.Models.Discount)
FNDA:10,System.Boolean Assignment_Example_HU.Services.PricingService/<>c__DisplayClass9_0::<GetDiscountFactorAsync>b__0(Assignment_Example_HU.Models.Discount)
DA:120,10
DA:121,10
DA:122,10
DA:123,10
DA:124,10
BRDA:120,6,0,3
BRDA:120,25,0,3
BRDA:120,44,0,2
BRDA:120,63,0,2
BRDA:120,6,1,2
BRDA:120,25,1,2
BRDA:120,44,1,2
BRDA:120,63,1,2
FN:135,System.Boolean Assignment_Example_HU.Services.PricingService/<>c__DisplayClass9_0::<GetDiscountFactorAsync>b__1(Assignment_Example_HU.Models.Discount)
FNDA:5,System.Boolean Assignment_Example_HU.Services.PricingService/<>c__DisplayClass9_0::<GetDiscountFactorAsync>b__1(Assignment_Example_HU.Models.Discount)
DA:136,5
DA:137,5
DA:138,5
DA:139,5
DA:140,5
BRDA:136,6,0,2
BRDA:136,25,0,2
BRDA:136,44,0,2
BRDA:136,63,0,2
BRDA:136,6,1,0
BRDA:136,25,1,0
BRDA:136,44,1,0
BRDA:136,63,1,0
FN:37,System.Void Assignment_Example_HU.Services.PricingService/<CalculatePriceAsync>d__5::MoveNext()
FNDA:2,System.Void Assignment_Example_HU.Services.PricingService/<CalculatePriceAsync>d__5::MoveNext()
DA:38,2
DA:39,2
DA:40,2
DA:41,2
DA:42,2
DA:43,2
DA:44,2
DA:46,2
DA:48,2
DA:49,2
DA:50,2
DA:51,2
DA:52,2
DA:53,2
DA:54,2
DA:55,2
DA:56,2
DA:57,2
BRDA:41,311,0,1
BRDA:41,311,1,1
FN:59,System.Void Assignment_Example_HU.Services.PricingService/<GetDemandMultiplierAsync>d__6::MoveNext()
FNDA:8,System.Void Assignment_Example_HU.Services.PricingService/<GetDemandMultiplierAsync>d__6::MoveNext()
DA:60,8
DA:61,8
DA:63,8
DA:64,8
DA:65,2
DA:66,3
DA:67,2
DA:68,1
DA:69,8
DA:70,8
BRDA:63,155,0,5
BRDA:63,155,1,3
BRDA:63,178,1,2
BRDA:63,164,1,3
BRDA:63,164,0,2
BRDA:63,178,0,1
FN:111,System.Void Assignment_Example_HU.Services.PricingService/<GetDiscountFactorAsync>d__9::MoveNext()
FNDA:8,System.Void Assignment_Example_HU.Services.PricingService/<GetDiscountFactorAsync>d__9::MoveNext()
DA:112,8
DA:113,8
DA:114,8
DA:116,8
DA:117,6
DA:118,6
DA:119,6
DA:126,6
DA:127,2
DA:128,2
DA:129,2
DA:130,6
DA:132,8
DA:133,3
DA:134,3
DA:135,3
DA:142,3
DA:143,2
DA:144,2
DA:145,2
DA:146,3
DA:149,8
DA:150,8
BRDA:116,98,0,6
BRDA:126,286,0,2
BRDA:126,286,1,4
BRDA:126,317,0,2
BRDA:126,317,1,6
BRDA:116,98,1,8
BRDA:132,368,0,3
BRDA:142,559,0,2
BRDA:142,559,1,1
BRDA:142,590,0,2
BRDA:142,590,1,3
BRDA:132,368,1,8
FN:85,System.Void Assignment_Example_HU.Services.PricingService/<GetHistoricalMultiplierAsync>d__8::MoveNext()
FNDA:3,System.Void Assignment_Example_HU.Services.PricingService/<GetHistoricalMultiplierAsync>d__8::MoveNext()
DA:86,3
DA:88,3
DA:89,3
DA:92,3
DA:93,3
DA:94,3
DA:95,3
DA:96,3
DA:97,3
DA:98,3
DA:99,3
DA:100,3
DA:103,3
DA:104,3
DA:105,0
DA:106,0
DA:107,3
DA:108,3
DA:109,3
BRDA:103,962,0,3
BRDA:103,962,1,0
BRDA:103,972,1,0
BRDA:103,972,0,3
FN:72,System.Void Assignment_Example_HU.Services.PricingService/<GetTimeMultiplierAsync>d__7::MoveNext()
FNDA:7,System.Void Assignment_Example_HU.Services.PricingService/<GetTimeMultiplierAsync>d__7::MoveNext()
DA:73,7
DA:74,7
DA:76,7
DA:77,7
DA:78,2
DA:79,4
DA:80,1
DA:81,0
DA:82,7
DA:83,7
BRDA:76,66,0,5
BRDA:76,83,0,1
BRDA:76,66,1,2
BRDA:76,83,1,4
BRDA:76,100,1,1
BRDA:76,100,0,0
LF:101
LH:98
BRF:46
BRH:39
FNF:8
FNH:8
end_of_record
SF:C:\Users\Hp\source\repos\sportManagement\Services\RatingService.cs
FN:26,System.Void Assignment_Example_HU.Services.RatingService::.ctor(Assignment_Example_HU.Repositories.Interfaces.IRatingRepository,Assignment_Example_HU.Repositories.Interfaces.IGameRepository,Microsoft.AspNetCore.Identity.UserManager`1<Assignment_Example_HU.Models.User>,Assignment_Example_HU.Repositories.Interfaces.IVenueRepository,Assignment_Example_HU.Repositories.Interfaces.ICourtRepository,Assignment_Example_HU.Data.AppDbContext,AutoMapper.IMapper)
FNDA:23,System.Void Assignment_Example_HU.Services.RatingService::.ctor(Assignment_Example_HU.Repositories.Interfaces.IRatingRepository,Assignment_Example_HU.Repositories.Interfaces.IGameRepository,Microsoft.AspNetCore.Identity.UserManager`1<Assignment_Example_HU.Models.User>,Assignment_Example_HU.Repositories.Interfaces.IVenueRepository,Assignment_Example_HU.Repositories.Interfaces.ICourtRepository,Assignment_Example_HU.Data.AppDbContext,AutoMapper.IMapper)
DA:27,23
DA:28,23
DA:29,23
DA:30,23
DA:31,23
DA:32,23
DA:33,23
DA:34,23
DA:35,23
DA:36,23
DA:37,23
DA:38,23
DA:39,23
DA:40,23
DA:41,23
DA:42,23
DA:43,23
FN:168,System.DateTime Assignment_Example_HU.Services.RatingService/<>c::<GetPlayerProfileAsync>b__12_0(Assignment_Example_HU.Models.Rating)
FNDA:0,System.DateTime Assignment_Example_HU.Services.RatingService/<>c::<GetPlayerProfileAsync>b__12_0(Assignment_Example_HU.Models.Rating)
DA:169,0
FN:170,Assignment_Example_HU.DTOs.RecentReviewDto Assignment_Example_HU.Services.RatingService/<>c::<GetPlayerProfileAsync>b__12_1(Assignment_Example_HU.Models.Rating)
FNDA:0,Assignment_Example_HU.DTOs.RecentReviewDto Assignment_Example_HU.Services.RatingService/<>c::<GetPlayerProfileAsync>b__12_1(Assignment_Example_HU.Models.Rating)
DA:171,0
DA:172,0
DA:173,0
DA:174,0
DA:175,0
DA:176,0
DA:177,0
DA:178,0
BRDA:171,52,0,0
BRDA:171,52,1,0
BRDA:171,64,0,0
BRDA:171,64,1,0
FN:221,System.Int32 Assignment_Example_HU.Services.RatingService/<>c::<GetVenueRatingSummaryAsync>b__13_0(Assignment_Example_HU.Models.Rating)
FNDA:3,System.Int32 Assignment_Example_HU.Services.RatingService/<>c::<GetVenueRatingSummaryAsync>b__13_0(Assignment_Example_HU.Models.Rating)
DA:222,3
FN:248,System.Int32 Assignment_Example_HU.Services.RatingService/<>c::<GetCourtRatingSummaryAsync>b__14_0(Assignment_Example_HU.Models.Rating)
FNDA:3,System.Int32 Assignment_Example_HU.Services.RatingService/<>c::<GetCourtRatingSummaryAsync>b__14_0(Assignment_Example_HU.Models.Rating)
DA:249,3
FN:268,System.Int32 Assignment_Example_HU.Services.RatingService/<>c::<UpdatePlayerAggregatedRatingAsync>b__15_0(Assignment_Example_HU.Models.Rating)
FNDA:3,System.Int32 Assignment_Example_HU.Services.RatingService/<>c::<UpdatePlayerAggregatedRatingAsync>b__15_0(Assignment_Example_HU.Models.Rating)
DA:269,3
FN:98,System.Boolean Assignment_Example_HU.Services.RatingService/<>c__DisplayClass8_0::<CreateRatingAsync>b__0(Assignment_Example_HU.Models.GamePlayer)
FNDA:1,System.Boolean Assignment_Example_HU.Services.RatingService/<>c__DisplayClass8_0::<CreateRatingAsync>b__0(Assignment_Example_HU.Models.GamePlayer)
DA:99,1
FN:45,System.Void Assignment_Example_HU.Services.RatingService/<CreateRatingAsync>d__8::MoveNext()
FNDA:12,System.Void Assignment_Example_HU.Services.RatingService/<CreateRatingAsync>d__8::MoveNext()
DA:46,12
DA:47,12
DA:48,2
DA:49,2
DA:53,10
DA:56,3
DA:57,1
DA:58,1
DA:60,2
DA:61,2
DA:62,1
DA:63,1
DA:65,1
DA:68,3
DA:69,1
DA:70,1
DA:72,2
DA:73,2
DA:74,1
DA:75,1
DA:77,1
DA:80,4
DA:81,1
DA:82,1
DA:86,3
DA:87,3
DA:88,1
DA:89,1
DA:92,2
DA:93,1
DA:94,1
DA:98,1
DA:100,1
DA:101,1
DA:105,0
DA:106,0
DA:107,0
DA:108,0
DA:109,0
DA:111,0
DA:114,2
DA:115,2
DA:116,2
DA:117,2
DA:118,2
DA:119,2
DA:120,2
DA:121,2
DA:122,2
DA:123,2
DA:124,2
DA:125,2
DA:127,2
DA:128,2
DA:131,2
DA:132,0
DA:133,0
DA:134,0
DA:136,2
DA:137,2
DA:138,2
BRDA:47,137,0,11
BRDA:47,137,1,1
BRDA:47,158,0,2
BRDA:47,158,1,10
BRDA:53,203,1,3
BRDA:56,252,0,1
BRDA:56,252,1,2
BRDA:61,433,0,1
BRDA:53,203,2,3
BRDA:68,479,0,1
BRDA:68,479,1,2
BRDA:73,660,0,1
BRDA:53,203,3,4
BRDA:80,699,0,3
BRDA:80,699,1,1
BRDA:80,731,0,1
BRDA:80,731,1,3
BRDA:87,912,0,1
BRDA:87,912,1,2
BRDA:92,947,0,1
BRDA:92,947,1,1
BRDA:99,1121,0,1
BRDA:99,1121,1,0
BRDA:99,1166,0,1
BRDA:99,1166,1,0
BRDA:107,1352,0,0
BRDA:107,1394,0,0
BRDA:107,1394,1,0
BRDA:107,1406,0,0
BRDA:107,1406,1,0
BRDA:107,1352,1,0
BRDA:107,1437,0,0
BRDA:53,203,0,2
BRDA:61,433,1,2
BRDA:73,660,1,2
BRDA:107,1437,1,2
BRDA:131,1893,0,0
BRDA:131,1893,1,2
BRDA:131,1922,0,0
BRDA:131,1922,1,2
FN:233,System.Void Assignment_Example_HU.Services.RatingService/<GetCourtRatingSummaryAsync>d__14::MoveNext()
FNDA:2,System.Void Assignment_Example_HU.Services.RatingService/<GetCourtRatingSummaryAsync>d__14::MoveNext()
DA:234,2
DA:235,2
DA:236,2
DA:238,2
DA:239,1
DA:240,1
DA:241,1
DA:242,1
DA:243,1
DA:244,1
DA:245,1
DA:246,1
DA:251,1
DA:252,1
DA:253,1
DA:254,1
DA:255,1
DA:256,1
DA:257,1
DA:258,2
BRDA:238,319,0,1
BRDA:240,348,0,0
BRDA:240,348,1,1
BRDA:240,360,0,0
BRDA:240,360,1,1
BRDA:238,319,1,1
BRDA:251,474,0,0
BRDA:251,474,1,1
BRDA:251,486,0,0
BRDA:251,486,1,1
FN:146,System.Void Assignment_Example_HU.Services.RatingService/<GetCourtRatingsAsync>d__10::MoveNext()
FNDA:1,System.Void Assignment_Example_HU.Services.RatingService/<GetCourtRatingsAsync>d__10::MoveNext()
DA:147,1
DA:148,1
DA:149,1
DA:150,1
FN:158,System.Void Assignment_Example_HU.Services.RatingService/<GetPlayerProfileAsync>d__12::MoveNext()
FNDA:2,System.Void Assignment_Example_HU.Services.RatingService/<GetPlayerProfileAsync>d__12::MoveNext()
DA:159,2
DA:160,2
DA:161,2
DA:162,1
DA:163,1
DA:167,1
DA:168,1
DA:170,1
DA:179,1
DA:182,1
DA:183,1
DA:186,1
DA:187,1
DA:188,1
DA:189,1
DA:190,1
DA:191,1
DA:192,1
DA:193,1
DA:195,1
DA:196,1
DA:197,1
DA:198,1
DA:199,1
DA:200,1
DA:201,1
DA:202,1
DA:203,1
DA:204,1
BRDA:161,245,0,1
BRDA:161,245,1,1
FN:152,System.Void Assignment_Example_HU.Services.RatingService/<GetPlayerRatingsAsync>d__11::MoveNext()
FNDA:1,System.Void Assignment_Example_HU.Services.RatingService/<GetPlayerRatingsAsync>d__11::MoveNext()
DA:153,1
DA:154,1
DA:155,1
DA:156,1
FN:206,System.Void Assignment_Example_HU.Services.RatingService/<GetVenueRatingSummaryAsync>d__13::MoveNext()
FNDA:2,System.Void Assignment_Example_HU.Services.RatingService/<GetVenueRatingSummaryAsync>d__13::MoveNext()
DA:207,2
DA:208,2
DA:209,2
DA:211,2
DA:212,1
DA:213,1
DA:214,1
DA:215,1
DA:216,1
DA:217,1
DA:218,1
DA:219,1
DA:224,1
DA:225,1
DA:226,1
DA:227,1
DA:228,1
DA:229,1
DA:230,1
DA:231,2
BRDA:211,319,0,1
BRDA:213,348,0,0
BRDA:213,348,1,1
BRDA:213,360,0,0
BRDA:213,360,1,1
BRDA:211,319,1,1
BRDA:224,474,0,0
BRDA:224,474,1,1
BRDA:224,486,0,0
BRDA:224,486,1,1
FN:140,System.Void Assignment_Example_HU.Services.RatingService/<GetVenueRatingsAsync>d__9::MoveNext()
FNDA:1,System.Void Assignment_Example_HU.Services.RatingService/<GetVenueRatingsAsync>d__9::MoveNext()
DA:141,1
DA:142,1
DA:143,1
DA:144,1
FN:260,System.Void Assignment_Example_HU.Services.RatingService/<UpdatePlayerAggregatedRatingAsync>d__15::MoveNext()
FNDA:2,System.Void Assignment_Example_HU.Services.RatingService/<UpdatePlayerAggregatedRatingAsync>d__15::MoveNext()
DA:261,2
DA:262,2
DA:264,2
DA:265,1
DA:266,1
DA:270,1
DA:272,1
DA:273,1
DA:274,1
DA:275,1
DA:276,1
DA:277,2
BRDA:264,192,0,1
BRDA:264,192,1,1
BRDA:272,411,0,1
BRDA:272,411,1,1
LF:184
LH:166
BRF:70
BRH:47
FNF:15
FNH:13
end_of_record
SF:C:\Users\Hp\source\repos\sportManagement\Services\RefundService.cs
FN:24,System.Void Assignment_Example_HU.Services.RefundService::.ctor(Assignment_Example_HU.Repositories.Interfaces.IRefundRepository,Assignment_Example_HU.Repositories.Interfaces.ITransactionRepository,Assignment_Example_HU.Repositories.Interfaces.ISlotRepository,Assignment_Example_HU.Repositories.Interfaces.IWalletRepository,Assignment_Example_HU.Data.AppDbContext,AutoMapper.IMapper)
FNDA:14,System.Void Assignment_Example_HU.Services.RefundService::.ctor(Assignment_Example_HU.Repositories.Interfaces.IRefundRepository,Assignment_Example_HU.Repositories.Interfaces.ITransactionRepository,Assignment_Example_HU.Repositories.Interfaces.ISlotRepository,Assignment_Example_HU.Repositories.Interfaces.IWalletRepository,Assignment_Example_HU.Data.AppDbContext,AutoMapper.IMapper)
DA:25,14
DA:26,14
DA:27,14
DA:28,14
DA:29,14
DA:30,14
DA:31,14
DA:32,14
DA:33,14
DA:34,14
DA:35,14
DA:36,14
DA:37,14
DA:38,14
DA:39,14
FN:61,System.Boolean Assignment_Example_HU.Services.RefundService/<>c__DisplayClass7_0::<RequestRefundAsync>b__0(Assignment_Example_HU.Models.Transaction)
FNDA:5,System.Boolean Assignment_Example_HU.Services.RefundService/<>c__DisplayClass7_0::<RequestRefundAsync>b__0(Assignment_Example_HU.Models.Transaction)
DA:62,5
DA:63,5
DA:64,5
BRDA:62,26,0,0
BRDA:62,26,1,2
BRDA:62,44,0,2
BRDA:62,53,0,2
BRDA:62,44,1,0
BRDA:62,53,1,0
FN:214,System.Void Assignment_Example_HU.Services.RefundService/<CalculateRefundAmountAsync>d__10::MoveNext()
FNDA:5,System.Void Assignment_Example_HU.Services.RefundService/<CalculateRefundAmountAsync>d__10::MoveNext()
DA:215,5
DA:217,5
DA:218,1
DA:219,1
DA:222,4
DA:223,4
DA:225,4
DA:226,4
DA:227,2
DA:228,1
DA:229,1
DA:230,0
DA:231,4
DA:232,5
BRDA:217,19,0,2
BRDA:217,19,1,3
BRDA:217,43,0,1
BRDA:217,43,1,4
BRDA:225,116,0,2
BRDA:225,133,0,1
BRDA:225,116,1,2
BRDA:225,133,1,1
BRDA:225,150,1,1
BRDA:225,150,0,0
FN:208,System.Void Assignment_Example_HU.Services.RefundService/<GetUserRefundsAsync>d__9::MoveNext()
FNDA:1,System.Void Assignment_Example_HU.Services.RefundService/<GetUserRefundsAsync>d__9::MoveNext()
DA:209,1
DA:210,1
DA:211,1
DA:212,1
FN:104,System.Void Assignment_Example_HU.Services.RefundService/<ProcessPendingRefundsAsync>d__8::MoveNext()
FNDA:3,System.Void Assignment_Example_HU.Services.RefundService/<ProcessPendingRefundsAsync>d__8::MoveNext()
DA:105,3
DA:106,3
DA:108,15
DA:109,3
DA:111,3
DA:112,3
DA:113,3
DA:116,3
DA:117,3
DA:118,1
DA:119,1
DA:120,1
DA:121,1
DA:122,1
DA:125,2
DA:126,2
DA:127,1
DA:128,1
DA:129,1
DA:130,1
DA:131,1
DA:135,1
DA:137,1
DA:139,1
DA:140,1
DA:142,1
DA:143,0
DA:144,0
DA:147,1
DA:148,1
DA:151,1
DA:152,1
DA:153,1
DA:154,1
DA:155,1
DA:156,1
DA:157,1
DA:158,1
DA:159,1
DA:160,1
DA:161,1
DA:162,1
DA:163,1
DA:164,1
DA:165,1
DA:167,1
DA:168,1
DA:170,1
DA:171,1
DA:174,1
DA:175,1
DA:176,1
DA:177,1
DA:178,1
DA:179,1
DA:180,1
DA:181,1
DA:183,1
DA:184,1
DA:185,1
DA:186,1
DA:187,1
DA:188,1
DA:189,0
DA:190,0
DA:191,0
DA:192,0
DA:193,0
DA:194,0
DA:195,0
DA:196,0
DA:197,1
DA:198,0
DA:199,0
DA:200,0
DA:201,0
DA:202,0
DA:203,0
DA:204,0
DA:205,1
DA:206,3
BRDA:105,17,0,3
BRDA:105,17,1,3
BRDA:108,3992,1,3
BRDA:117,707,0,2
BRDA:117,707,1,1
BRDA:117,733,0,1
BRDA:117,733,1,2
BRDA:126,1056,0,1
BRDA:126,1056,1,1
BRDA:142,1821,0,0
BRDA:142,1821,1,1
BRDA:175,2332,0,1
BRDA:175,2332,1,1
BRDA:108,3992,0,3
FN:41,System.Void Assignment_Example_HU.Services.RefundService/<RequestRefundAsync>d__7::MoveNext()
FNDA:6,System.Void Assignment_Example_HU.Services.RefundService/<RequestRefundAsync>d__7::MoveNext()
DA:42,6
DA:43,6
DA:44,6
DA:45,1
DA:46,1
DA:49,5
DA:50,1
DA:51,1
DA:54,4
DA:55,1
DA:56,1
DA:60,3
DA:61,3
DA:66,3
DA:67,1
DA:68,1
DA:72,2
DA:73,2
DA:74,1
DA:75,1
DA:79,1
DA:80,1
DA:81,1
DA:82,1
DA:84,1
DA:85,1
DA:86,1
DA:87,1
DA:88,1
DA:89,1
DA:90,1
DA:91,1
DA:92,1
DA:93,1
DA:94,1
DA:95,1
DA:96,1
DA:98,1
DA:99,1
DA:101,1
DA:102,2
BRDA:44,257,0,1
BRDA:44,257,1,5
BRDA:49,299,0,0
BRDA:49,299,1,5
BRDA:49,322,0,1
BRDA:49,322,1,4
BRDA:54,357,0,1
BRDA:54,357,1,3
BRDA:66,557,0,1
BRDA:66,557,1,2
BRDA:73,743,0,1
BRDA:73,743,1,1
BRDA:84,1053,0,0
BRDA:84,1053,1,1
BRDA:84,1128,0,0
BRDA:84,1128,1,1
LF:158
LH:140
BRF:46
BRH:38
FNF:6
FNH:6
end_of_record
SF:C:\Users\Hp\source\repos\sportManagement\Services\SlotService.cs
FN:21,System.Void Assignment_Example_HU.Services.SlotService::.ctor(Assignment_Example_HU.Repositories.Interfaces.ISlotRepository,Assignment_Example_HU.Services.Interfaces.IPricingService,Assignment_Example_HU.Services.Interfaces.IDistributedLockService,Assignment_Example_HU.Services.Interfaces.IDemandTrackingService,AutoMapper.IMapper)
FNDA:20,System.Void Assignment_Example_HU.Services.SlotService::.ctor(Assignment_Example_HU.Repositories.Interfaces.ISlotRepository,Assignment_Example_HU.Services.Interfaces.IPricingService,Assignment_Example_HU.Services.Interfaces.IDistributedLockService,Assignment_Example_HU.Services.Interfaces.IDemandTrackingService,AutoMapper.IMapper)
DA:22,20
DA:23,20
DA:25,20
DA:26,20
DA:27,20
DA:28,20
DA:29,20
DA:30,20
DA:31,20
DA:32,20
DA:33,20
DA:34,20
DA:35,20
DA:36,20
DA:37,20
FN:234,System.Void Assignment_Example_HU.Services.SlotService/<CancelBookingAsync>d__13::MoveNext()
FNDA:4,System.Void Assignment_Example_HU.Services.SlotService/<CancelBookingAsync>d__13::MoveNext()
DA:235,4
DA:236,4
DA:237,4
DA:238,1
DA:239,1
DA:242,3
DA:243,1
DA:244,1
DA:247,2
DA:248,1
DA:249,1
DA:252,1
DA:253,1
DA:254,1
DA:256,1
DA:257,1
DA:259,1
DA:260,1
BRDA:237,189,0,1
BRDA:237,189,1,3
BRDA:242,231,0,0
BRDA:242,231,1,3
BRDA:242,254,0,1
BRDA:242,254,1,2
BRDA:247,289,0,1
BRDA:247,289,1,1
FN:159,System.Void Assignment_Example_HU.Services.SlotService/<ConfirmBookingAsync>d__11::MoveNext()
FNDA:5,System.Void Assignment_Example_HU.Services.SlotService/<ConfirmBookingAsync>d__11::MoveNext()
DA:160,5
DA:161,5
DA:164,5
DA:165,5
DA:166,1
DA:167,1
DA:171,4
DA:172,4
DA:173,4
DA:174,1
DA:175,1
DA:178,3
DA:179,1
DA:180,1
DA:183,2
DA:184,1
DA:185,1
DA:189,1
DA:190,1
DA:192,1
DA:193,1
DA:196,1
DA:198,1
DA:200,3
DA:201,3
DA:202,3
DA:203,3
DA:205,1
BRDA:165,274,0,1
BRDA:165,274,1,4
BRDA:173,493,0,1
BRDA:173,493,1,3
BRDA:178,519,0,2
BRDA:178,549,0,0
BRDA:178,549,1,2
BRDA:178,519,1,1
BRDA:178,575,0,1
BRDA:178,575,1,2
BRDA:183,609,0,2
BRDA:183,609,1,0
BRDA:183,648,0,1
BRDA:183,648,1,1
FN:262,System.Void Assignment_Example_HU.Services.SlotService/<ExpireLocksAsync>d__14::MoveNext()
FNDA:1,System.Void Assignment_Example_HU.Services.SlotService/<ExpireLocksAsync>d__14::MoveNext()
DA:263,1
DA:264,1
DA:266,5
DA:267,1
DA:268,1
DA:269,1
DA:270,1
DA:271,1
DA:272,1
DA:274,1
DA:277,1
DA:278,1
DA:279,1
DA:281,1
DA:282,1
BRDA:266,675,1,1
BRDA:266,675,0,1
FN:43,System.Void Assignment_Example_HU.Services.SlotService/<GetAvailableSlotsAsync>d__8::MoveNext()
FNDA:2,System.Void Assignment_Example_HU.Services.SlotService/<GetAvailableSlotsAsync>d__8::MoveNext()
DA:44,2
DA:45,2
DA:46,2
DA:48,8
DA:49,1
DA:51,1
DA:54,1
DA:56,1
DA:57,1
DA:58,1
DA:59,1
DA:60,1
DA:61,1
DA:63,1
DA:64,1
DA:65,1
DA:66,1
DA:67,1
DA:68,1
DA:70,1
DA:71,1
DA:73,2
DA:74,2
BRDA:44,16,0,2
BRDA:44,16,1,2
BRDA:48,1014,1,1
BRDA:54,402,0,1
BRDA:54,402,1,0
BRDA:56,495,0,1
BRDA:56,495,1,0
BRDA:67,899,0,0
BRDA:67,899,1,1
BRDA:48,1014,0,2
FN:76,System.Void Assignment_Example_HU.Services.SlotService/<GetSlotDetailsAsync>d__9::MoveNext()
FNDA:2,System.Void Assignment_Example_HU.Services.SlotService/<GetSlotDetailsAsync>d__9::MoveNext()
DA:77,2
DA:78,2
DA:79,3
DA:82,1
DA:85,1
DA:87,1
DA:88,1
DA:89,1
DA:90,1
DA:91,1
DA:92,1
DA:94,1
DA:95,1
DA:96,1
DA:97,1
DA:98,1
DA:99,1
DA:101,1
DA:102,2
BRDA:79,198,0,1
BRDA:79,198,1,1
BRDA:85,335,0,1
BRDA:85,335,1,0
BRDA:87,423,0,1
BRDA:87,423,1,0
BRDA:98,822,0,0
BRDA:98,822,1,1
FN:104,System.Void Assignment_Example_HU.Services.SlotService/<LockSlotAsync>d__10::MoveNext()
FNDA:4,System.Void Assignment_Example_HU.Services.SlotService/<LockSlotAsync>d__10::MoveNext()
DA:105,4
DA:106,4
DA:109,4
DA:110,4
DA:111,1
DA:112,1
DA:116,3
DA:117,3
DA:118,3
DA:119,1
DA:120,1
DA:123,2
DA:124,1
DA:125,1
DA:129,1
DA:132,1
DA:133,1
DA:134,1
DA:135,1
DA:136,1
DA:137,1
DA:140,1
DA:141,1
DA:142,1
DA:143,1
DA:144,1
DA:146,1
DA:147,1
DA:149,1
DA:151,2
DA:152,2
DA:154,2
DA:155,2
DA:157,1
BRDA:110,285,0,1
BRDA:110,285,1,3
BRDA:118,504,0,1
BRDA:118,504,1,2
BRDA:123,539,0,1
BRDA:123,539,1,1
BRDA:129,610,0,1
BRDA:129,610,1,0
BRDA:132,698,0,1
BRDA:132,698,1,0
FN:207,System.Void Assignment_Example_HU.Services.SlotService/<ReleaseLockAsync>d__12::MoveNext()
FNDA:2,System.Void Assignment_Example_HU.Services.SlotService/<ReleaseLockAsync>d__12::MoveNext()
DA:208,2
DA:209,2
DA:210,2
DA:212,2
DA:213,1
DA:214,1
DA:217,1
DA:218,1
DA:219,1
DA:220,1
DA:221,1
DA:222,1
DA:223,1
DA:224,1
DA:226,1
DA:227,1
DA:228,1
DA:230,1
DA:231,1
DA:232,2
BRDA:212,280,0,1
BRDA:212,280,1,1
BRDA:218,436,0,1
BRDA:218,450,0,1
BRDA:218,480,0,0
BRDA:218,480,1,1
BRDA:218,436,1,0
BRDA:218,450,1,0
BRDA:218,506,0,1
BRDA:218,506,1,1
LF:172
LH:172
BRF:62
BRH:48
FNF:8
FNH:8
end_of_record
SF:C:\Users\Hp\source\repos\sportManagement\Services\TokenService.cs
FN:22,System.ValueTuple`2<System.String,System.DateTime> Assignment_Example_HU.Services.TokenService::GenerateAccessToken(Assignment_Example_HU.Models.User)
FNDA:1,System.ValueTuple`2<System.String,System.DateTime> Assignment_Example_HU.Services.TokenService::GenerateAccessToken(Assignment_Example_HU.Models.User)
DA:23,1
DA:24,1
DA:25,1
DA:26,1
DA:27,1
DA:28,1
DA:30,1
DA:31,1
DA:33,1
DA:35,1
DA:36,1
DA:37,1
DA:38,1
DA:39,1
DA:40,1
DA:41,1
DA:42,1
DA:43,1
DA:45,1
DA:46,1
DA:47,1
DA:48,1
DA:49,1
DA:50,1
DA:51,1
DA:52,1
DA:54,1
DA:55,1
DA:56,1
FN:16,System.Void Assignment_Example_HU.Services.TokenService::.ctor(Microsoft.Extensions.Configuration.IConfiguration)
FNDA:1,System.Void Assignment_Example_HU.Services.TokenService::.ctor(Microsoft.Extensions.Configuration.IConfiguration)
DA:17,1
DA:18,1
DA:19,1
DA:20,1
LF:33
LH:33
BRF:0
BRH:0
FNF:2
FNH:2
end_of_record
SF:C:\Users\Hp\source\repos\sportManagement\Services\VenueService.cs
FN:21,System.Void Assignment_Example_HU.Services.VenueService::.ctor(Assignment_Example_HU.Repositories.Interfaces.IVenueRepository,Microsoft.AspNetCore.Identity.UserManager`1<Assignment_Example_HU.Models.User>,AutoMapper.IMapper)
FNDA:20,System.Void Assignment_Example_HU.Services.VenueService::.ctor(Assignment_Example_HU.Repositories.Interfaces.IVenueRepository,Microsoft.AspNetCore.Identity.UserManager`1<Assignment_Example_HU.Models.User>,AutoMapper.IMapper)
DA:22,20
DA:23,20
DA:24,20
DA:25,20
DA:26,20
DA:27,20
DA:28,20
DA:29,20
DA:30,20
FN:32,System.Void Assignment_Example_HU.Services.VenueService/<CreateVenueAsync>d__4::MoveNext()
FNDA:4,System.Void Assignment_Example_HU.Services.VenueService/<CreateVenueAsync>d__4::MoveNext()
DA:33,4
DA:34,4
DA:35,4
DA:36,1
DA:37,1
DA:40,3
DA:41,1
DA:42,1
DA:45,2
DA:46,2
DA:47,2
DA:48,2
DA:50,2
DA:51,2
DA:53,2
DA:54,2
BRDA:35,200,0,1
BRDA:35,200,1,3
BRDA:40,226,0,2
BRDA:40,226,1,1
BRDA:40,252,0,1
BRDA:40,252,1,2
FN:124,System.Void Assignment_Example_HU.Services.VenueService/<DeleteVenueAsync>d__10::MoveNext()
FNDA:3,System.Void Assignment_Example_HU.Services.VenueService/<DeleteVenueAsync>d__10::MoveNext()
DA:125,3
DA:126,3
DA:127,3
DA:128,1
DA:129,1
DA:132,2
DA:133,1
DA:134,1
DA:139,1
DA:140,1
DA:141,1
BRDA:127,189,0,1
BRDA:127,189,1,2
BRDA:132,337,0,1
BRDA:132,337,1,1
FN:70,System.Void Assignment_Example_HU.Services.VenueService/<GetAllVenuesAsync>d__7::MoveNext()
FNDA:1,System.Void Assignment_Example_HU.Services.VenueService/<GetAllVenuesAsync>d__7::MoveNext()
DA:71,1
DA:72,1
DA:73,1
DA:75,5
DA:76,1
DA:77,1
DA:78,1
DA:79,1
DA:80,1
DA:81,1
DA:82,1
DA:84,1
DA:85,1
BRDA:75,438,1,1
BRDA:78,374,0,1
BRDA:78,374,1,1
BRDA:75,438,0,1
FN:56,System.Void Assignment_Example_HU.Services.VenueService/<GetVenueByIdAsync>d__5::MoveNext()
FNDA:2,System.Void Assignment_Example_HU.Services.VenueService/<GetVenueByIdAsync>d__5::MoveNext()
DA:57,2
DA:58,2
DA:59,3
DA:61,1
DA:62,2
BRDA:59,164,0,1
BRDA:59,164,1,1
FN:64,System.Void Assignment_Example_HU.Services.VenueService/<GetVenuesByOwnerAsync>d__6::MoveNext()
FNDA:1,System.Void Assignment_Example_HU.Services.VenueService/<GetVenuesByOwnerAsync>d__6::MoveNext()
DA:65,1
DA:66,1
DA:67,1
DA:68,1
FN:143,System.Void Assignment_Example_HU.Services.VenueService/<IsVenueOwnerAsync>d__11::MoveNext()
FNDA:8,System.Void Assignment_Example_HU.Services.VenueService/<IsVenueOwnerAsync>d__11::MoveNext()
DA:144,8
DA:145,8
DA:146,9
DA:148,7
DA:149,8
DA:151,6
DA:152,8
BRDA:146,175,0,1
BRDA:146,175,1,7
BRDA:149,347,0,1
BRDA:149,347,1,6
BRDA:151,375,0,3
BRDA:151,375,1,3
FN:109,System.Void Assignment_Example_HU.Services.VenueService/<UpdateVenueApprovalAsync>d__9::MoveNext()
FNDA:2,System.Void Assignment_Example_HU.Services.VenueService/<UpdateVenueApprovalAsync>d__9::MoveNext()
DA:110,2
DA:111,2
DA:112,2
DA:113,1
DA:114,1
DA:117,1
DA:118,1
DA:119,1
DA:121,1
DA:122,1
BRDA:112,189,0,1
BRDA:112,189,1,1
FN:87,System.Void Assignment_Example_HU.Services.VenueService/<UpdateVenueAsync>d__8::MoveNext()
FNDA:3,System.Void Assignment_Example_HU.Services.VenueService/<UpdateVenueAsync>d__8::MoveNext()
DA:88,3
DA:89,3
DA:90,3
DA:91,1
DA:92,1
DA:95,2
DA:96,1
DA:97,1
DA:100,1
DA:102,1
DA:103,1
DA:105,1
DA:106,1
DA:107,1
BRDA:90,207,0,1
BRDA:90,207,1,2
BRDA:95,355,0,1
BRDA:95,355,1,1
LF:89
LH:89
BRF:28
BRH:28
FNF:9
FNH:9
end_of_record
SF:C:\Users\Hp\source\repos\sportManagement\Services\WaitlistService.cs
FN:180,System.Int32 Assignment_Example_HU.Services.WaitlistService::CalculatePriority(System.Decimal,System.Int32)
FNDA:1,System.Int32 Assignment_Example_HU.Services.WaitlistService::CalculatePriority(System.Decimal,System.Int32)
DA:181,1
DA:185,1
DA:186,1
FN:24,System.Void Assignment_Example_HU.Services.WaitlistService::.ctor(Assignment_Example_HU.Repositories.Interfaces.IWaitlistRepository,Assignment_Example_HU.Repositories.Interfaces.IGameRepository,Microsoft.AspNetCore.Identity.UserManager`1<Assignment_Example_HU.Models.User>,Assignment_Example_HU.Repositories.Interfaces.IRatingRepository,Assignment_Example_HU.Repositories.Interfaces.IGamePlayerRepository,Microsoft.Extensions.Configuration.IConfiguration,AutoMapper.IMapper)
FNDA:15,System.Void Assignment_Example_HU.Services.WaitlistService::.ctor(Assignment_Example_HU.Repositories.Interfaces.IWaitlistRepository,Assignment_Example_HU.Repositories.Interfaces.IGameRepository,Microsoft.AspNetCore.Identity.UserManager`1<Assignment_Example_HU.Models.User>,Assignment_Example_HU.Repositories.Interfaces.IRatingRepository,Assignment_Example_HU.Repositories.Interfaces.IGamePlayerRepository,Microsoft.Extensions.Configuration.IConfiguration,AutoMapper.IMapper)
DA:25,15
DA:26,15
DA:27,15
DA:28,15
DA:29,15
DA:30,15
DA:31,15
DA:32,15
DA:33,15
DA:34,15
DA:35,15
DA:36,15
DA:37,15
DA:38,15
DA:39,15
DA:40,15
DA:41,15
FN:57,System.Boolean Assignment_Example_HU.Services.WaitlistService/<>c__DisplayClass8_0::<JoinWaitlistAsync>b__0(Assignment_Example_HU.Models.GamePlayer)
FNDA:5,System.Boolean Assignment_Example_HU.Services.WaitlistService/<>c__DisplayClass8_0::<JoinWaitlistAsync>b__0(Assignment_Example_HU.Models.GamePlayer)
DA:58,5
FN:114,System.Void Assignment_Example_HU.Services.WaitlistService/<GetWaitlistByGameAsync>d__10::MoveNext()
FNDA:1,System.Void Assignment_Example_HU.Services.WaitlistService/<GetWaitlistByGameAsync>d__10::MoveNext()
DA:115,1
DA:116,1
DA:117,1
DA:118,1
FN:175,System.Void Assignment_Example_HU.Services.WaitlistService/<GetWaitlistCountAsync>d__13::MoveNext()
FNDA:1,System.Void Assignment_Example_HU.Services.WaitlistService/<GetWaitlistCountAsync>d__13::MoveNext()
DA:176,1
DA:177,1
DA:178,1
FN:120,System.Void Assignment_Example_HU.Services.WaitlistService/<InviteFromWaitlistAsync>d__11::MoveNext()
FNDA:4,System.Void Assignment_Example_HU.Services.WaitlistService/<InviteFromWaitlistAsync>d__11::MoveNext()
DA:121,4
DA:123,4
DA:124,4
DA:125,1
DA:126,1
DA:129,3
DA:130,3
DA:131,0
DA:132,0
DA:135,3
DA:136,1
DA:137,1
DA:141,2
DA:142,2
DA:143,1
DA:144,1
DA:148,1
DA:149,1
DA:150,1
DA:151,1
DA:152,1
DA:153,1
DA:155,1
DA:156,1
DA:159,1
DA:160,1
DA:162,1
DA:163,1
BRDA:124,218,0,4
BRDA:124,218,1,0
BRDA:124,249,0,1
BRDA:124,249,1,3
BRDA:130,415,0,0
BRDA:130,415,1,3
BRDA:135,465,0,1
BRDA:135,465,1,2
BRDA:142,637,0,1
BRDA:142,637,1,1
FN:43,System.Void Assignment_Example_HU.Services.WaitlistService/<JoinWaitlistAsync>d__8::MoveNext()
FNDA:6,System.Void Assignment_Example_HU.Services.WaitlistService/<JoinWaitlistAsync>d__8::MoveNext()
DA:44,6
DA:45,6
DA:46,6
DA:47,1
DA:48,1
DA:51,5
DA:52,1
DA:53,1
DA:57,4
DA:59,1
DA:60,1
DA:64,3
DA:65,3
DA:66,1
DA:67,1
DA:71,2
DA:72,2
DA:73,1
DA:74,1
DA:78,1
DA:79,1
DA:82,1
DA:84,1
DA:85,1
DA:86,1
DA:87,1
DA:88,1
DA:89,1
DA:90,1
DA:91,1
DA:93,1
DA:94,1
DA:96,1
DA:97,1
DA:98,2
BRDA:46,265,0,1
BRDA:46,265,1,5
BRDA:51,300,0,1
BRDA:51,300,1,4
BRDA:58,459,0,4
BRDA:58,459,1,0
BRDA:58,501,0,1
BRDA:58,501,1,3
BRDA:65,678,0,1
BRDA:65,678,1,2
BRDA:72,867,0,1
BRDA:72,867,1,1
BRDA:79,1088,0,0
BRDA:79,1088,1,1
FN:100,System.Void Assignment_Example_HU.Services.WaitlistService/<LeaveWaitlistAsync>d__9::MoveNext()
FNDA:2,System.Void Assignment_Example_HU.Services.WaitlistService/<LeaveWaitlistAsync>d__9::MoveNext()
DA:101,2
DA:102,2
DA:103,2
DA:104,1
DA:105,1
DA:108,1
DA:109,1
DA:111,1
DA:112,2
BRDA:103,195,0,1
BRDA:103,195,1,1
FN:165,System.Void Assignment_Example_HU.Services.WaitlistService/<RemoveWaitlistForGameAsync>d__12::MoveNext()
FNDA:1,System.Void Assignment_Example_HU.Services.WaitlistService/<RemoveWaitlistForGameAsync>d__12::MoveNext()
DA:166,1
DA:167,1
DA:168,7
DA:169,2
DA:170,2
DA:171,2
DA:172,1
DA:173,1
BRDA:168,357,1,2
BRDA:168,357,0,1
LF:108
LH:106
BRF:28
BRH:24
FNF:9
FNH:9
end_of_record
SF:C:\Users\Hp\source\repos\sportManagement\Services\WalletService.cs
FN:24,System.Void Assignment_Example_HU.Services.WalletService::.ctor(Assignment_Example_HU.Repositories.Interfaces.IWalletRepository,Assignment_Example_HU.Repositories.Interfaces.ITransactionRepository,Microsoft.AspNetCore.Identity.UserManager`1<Assignment_Example_HU.Models.User>,Assignment_Example_HU.Data.AppDbContext,AutoMapper.IMapper)
FNDA:10,System.Void Assignment_Example_HU.Services.WalletService::.ctor(Assignment_Example_HU.Repositories.Interfaces.IWalletRepository,Assignment_Example_HU.Repositories.Interfaces.ITransactionRepository,Microsoft.AspNetCore.Identity.UserManager`1<Assignment_Example_HU.Models.User>,Assignment_Example_HU.Data.AppDbContext,AutoMapper.IMapper)
DA:25,10
DA:26,10
DA:27,10
DA:28,10
DA:29,10
DA:30,10
DA:31,10
DA:32,10
DA:33,10
DA:34,10
DA:35,10
DA:36,10
DA:37,10
FN:73,System.Void Assignment_Example_HU.Services.WalletService/<AddFundsAsync>d__8::MoveNext()
FNDA:5,System.Void Assignment_Example_HU.Services.WalletService/<AddFundsAsync>d__8::MoveNext()
DA:74,5
DA:75,5
DA:76,2
DA:77,2
DA:81,3
DA:82,1
DA:83,1
DA:84,1
DA:85,1
DA:86,1
DA:88,0
DA:91,2
DA:92,2
DA:93,1
DA:94,1
DA:95,1
DA:96,1
DA:99,2
DA:101,2
DA:103,2
DA:104,2
DA:106,2
DA:107,0
DA:108,0
DA:111,2
DA:112,2
DA:114,2
DA:115,2
DA:116,2
DA:117,2
DA:118,2
DA:119,2
DA:120,2
DA:121,2
DA:122,2
DA:123,2
DA:124,2
DA:125,2
DA:126,2
DA:127,2
DA:129,2
DA:130,2
DA:132,2
DA:133,2
DA:134,2
DA:135,2
DA:137,2
DA:139,0
DA:140,0
DA:141,0
DA:142,0
DA:144,3
BRDA:75,124,0,2
BRDA:75,124,1,3
BRDA:81,159,0,1
BRDA:84,316,0,1
BRDA:84,316,1,0
BRDA:84,339,0,1
BRDA:84,339,1,0
BRDA:81,159,1,2
BRDA:92,541,0,1
BRDA:92,541,1,2
BRDA:99,958,0,2
BRDA:99,958,1,2
BRDA:106,1339,0,0
BRDA:106,1339,1,2
BRDA:114,1520,0,0
BRDA:114,1520,1,2
FN:51,System.Void Assignment_Example_HU.Services.WalletService/<CreateWalletAsync>d__7::MoveNext()
FNDA:4,System.Void Assignment_Example_HU.Services.WalletService/<CreateWalletAsync>d__7::MoveNext()
DA:52,4
DA:53,4
DA:54,4
DA:55,1
DA:56,1
DA:57,1
DA:60,3
DA:61,3
DA:62,3
DA:63,3
DA:64,3
DA:65,3
DA:67,3
DA:68,3
DA:70,3
DA:71,4
BRDA:54,188,0,1
BRDA:54,188,1,3
FN:146,System.Void Assignment_Example_HU.Services.WalletService/<GetTransactionHistoryAsync>d__9::MoveNext()
FNDA:1,System.Void Assignment_Example_HU.Services.WalletService/<GetTransactionHistoryAsync>d__9::MoveNext()
DA:147,1
DA:148,1
DA:149,1
DA:150,1
FN:39,System.Void Assignment_Example_HU.Services.WalletService/<GetWalletAsync>d__6::MoveNext()
FNDA:2,System.Void Assignment_Example_HU.Services.WalletService/<GetWalletAsync>d__6::MoveNext()
DA:40,2
DA:41,2
DA:42,2
DA:43,1
DA:45,1
DA:48,1
DA:49,2
BRDA:42,175,0,1
BRDA:42,175,1,1
LF:92
LH:85
BRF:20
BRH:16
FNF:5
FNH:5
end_of_record
SF:C:\Users\Hp\source\repos\sportManagement\Repositories\CourtRepository.cs
FN:15,System.Void Assignment_Example_HU.Repositories.CourtRepository::.ctor(Assignment_Example_HU.Data.AppDbContext)
FNDA:2,System.Void Assignment_Example_HU.Repositories.CourtRepository::.ctor(Assignment_Example_HU.Data.AppDbContext)
DA:16,2
DA:17,2
DA:18,2
DA:19,2
FN:50,System.Void Assignment_Example_HU.Repositories.CourtRepository/<AddAsync>d__6::MoveNext()
FNDA:0,System.Void Assignment_Example_HU.Repositories.CourtRepository/<AddAsync>d__6::MoveNext()
DA:51,0
DA:52,0
DA:53,0
FN:61,System.Void Assignment_Example_HU.Repositories.CourtRepository/<ExistsAsync>d__8::MoveNext()
FNDA:0,System.Void Assignment_Example_HU.Repositories.CourtRepository/<ExistsAsync>d__8::MoveNext()
DA:62,0
DA:63,0
DA:64,0
FN:43,System.Void Assignment_Example_HU.Repositories.CourtRepository/<GetAllAsync>d__5::MoveNext()
FNDA:0,System.Void Assignment_Example_HU.Repositories.CourtRepository/<GetAllAsync>d__5::MoveNext()
DA:44,0
DA:45,0
DA:46,0
DA:47,0
DA:48,0
FN:21,System.Void Assignment_Example_HU.Repositories.CourtRepository/<GetByIdAsync>d__2::MoveNext()
FNDA:0,System.Void Assignment_Example_HU.Repositories.CourtRepository/<GetByIdAsync>d__2::MoveNext()
DA:22,0
DA:23,0
DA:24,0
DA:25,0
DA:26,0
FN:28,System.Void Assignment_Example_HU.Repositories.CourtRepository/<GetByIdWithVenueAsync>d__3::MoveNext()
FNDA:1,System.Void Assignment_Example_HU.Repositories.CourtRepository/<GetByIdWithVenueAsync>d__3::MoveNext()
DA:29,1
DA:30,1
DA:31,1
DA:32,1
DA:33,1
FN:35,System.Void Assignment_Example_HU.Repositories.CourtRepository/<GetByVenueIdAsync>d__4::MoveNext()
FNDA:1,System.Void Assignment_Example_HU.Repositories.CourtRepository/<GetByVenueIdAsync>d__4::MoveNext()
DA:36,1
DA:37,1
DA:38,1
DA:39,1
DA:40,1
DA:41,1
FN:66,System.Void Assignment_Example_HU.Repositories.CourtRepository/<SaveChangesAsync>d__9::MoveNext()
FNDA:0,System.Void Assignment_Example_HU.Repositories.CourtRepository/<SaveChangesAsync>d__9::MoveNext()
DA:67,0
DA:68,0
DA:69,0
FN:55,System.Void Assignment_Example_HU.Repositories.CourtRepository/<UpdateAsync>d__7::MoveNext()
FNDA:0,System.Void Assignment_Example_HU.Repositories.CourtRepository/<UpdateAsync>d__7::MoveNext()
DA:56,0
DA:57,0
DA:58,0
DA:59,0
LF:38
LH:15
BRF:0
BRH:0
FNF:9
FNH:3
end_of_record
SF:C:\Users\Hp\source\repos\sportManagement\Repositories\DiscountRepository.cs
FN:15,System.Void Assignment_Example_HU.Repositories.DiscountRepository::.ctor(Assignment_Example_HU.Data.AppDbContext)
FNDA:2,System.Void Assignment_Example_HU.Repositories.DiscountRepository::.ctor(Assignment_Example_HU.Data.AppDbContext)
DA:16,2
DA:17,2
DA:18,2
DA:19,2
FN:53,System.Void Assignment_Example_HU.Repositories.DiscountRepository/<AddAsync>d__6::MoveNext()
FNDA:0,System.Void Assignment_Example_HU.Repositories.DiscountRepository/<AddAsync>d__6::MoveNext()
DA:54,0
DA:55,0
DA:56,0
FN:64,System.Void Assignment_Example_HU.Repositories.DiscountRepository/<ExistsAsync>d__8::MoveNext()
FNDA:0,System.Void Assignment_Example_HU.Repositories.DiscountRepository/<ExistsAsync>d__8::MoveNext()
DA:65,0
DA:66,0
DA:67,0
FN:44,System.Void Assignment_Example_HU.Repositories.DiscountRepository/<GetActiveDiscountsAsync>d__5::MoveNext()
FNDA:1,System.Void Assignment_Example_HU.Repositories.DiscountRepository/<GetActiveDiscountsAsync>d__5::MoveNext()
DA:45,1
DA:46,1
DA:47,1
DA:48,1
DA:49,1
DA:50,1
DA:51,1
FN:36,System.Void Assignment_Example_HU.Repositories.DiscountRepository/<GetByCourtIdAsync>d__4::MoveNext()
FNDA:1,System.Void Assignment_Example_HU.Repositories.DiscountRepository/<GetByCourtIdAsync>d__4::MoveNext()
DA:37,1
DA:38,1
DA:39,1
DA:40,1
DA:41,1
DA:42,1
FN:21,System.Void Assignment_Example_HU.Repositories.DiscountRepository/<GetByIdAsync>d__2::MoveNext()
FNDA:0,System.Void Assignment_Example_HU.Repositories.DiscountRepository/<GetByIdAsync>d__2::MoveNext()
DA:22,0
DA:23,0
DA:24,0
DA:25,0
DA:26,0
FN:28,System.Void Assignment_Example_HU.Repositories.DiscountRepository/<GetByVenueIdAsync>d__3::MoveNext()
FNDA:0,System.Void Assignment_Example_HU.Repositories.DiscountRepository/<GetByVenueIdAsync>d__3::MoveNext()
DA:29,0
DA:30,0
DA:31,0
DA:32,0
DA:33,0
DA:34,0
FN:69,System.Void Assignment_Example_HU.Repositories.DiscountRepository/<SaveChangesAsync>d__9::MoveNext()
FNDA:0,System.Void Assignment_Example_HU.Repositories.DiscountRepository/<SaveChangesAsync>d__9::MoveNext()
DA:70,0
DA:71,0
DA:72,0
FN:58,System.Void Assignment_Example_HU.Repositories.DiscountRepository/<UpdateAsync>d__7::MoveNext()
FNDA:0,System.Void Assignment_Example_HU.Repositories.DiscountRepository/<UpdateAsync>d__7::MoveNext()
DA:59,0
DA:60,0
DA:61,0
DA:62,0
LF:41
LH:17
BRF:0
BRH:0
FNF:9
FNH:3
end_of_record
SF:C:\Users\Hp\source\repos\sportManagement\Repositories\GamePlayerRepository.cs
FN:12,System.Void Assignment_Example_HU.Repositories.GamePlayerRepository::.ctor(Assignment_Example_HU.Data.AppDbContext)
FNDA:0,System.Void Assignment_Example_HU.Repositories.GamePlayerRepository::.ctor(Assignment_Example_HU.Data.AppDbContext)
DA:13,0
DA:14,0
DA:15,0
DA:16,0
FN:18,System.Void Assignment_Example_HU.Repositories.GamePlayerRepository/<AddAsync>d__2::MoveNext()
FNDA:0,System.Void Assignment_Example_HU.Repositories.GamePlayerRepository/<AddAsync>d__2::MoveNext()
DA:19,0
DA:20,0
DA:21,0
FN:23,System.Void Assignment_Example_HU.Repositories.GamePlayerRepository/<RemoveAsync>d__3::MoveNext()
FNDA:0,System.Void Assignment_Example_HU.Repositories.GamePlayerRepository/<RemoveAsync>d__3::MoveNext()
DA:24,0
DA:25,0
DA:26,0
DA:27,0
FN:29,System.Void Assignment_Example_HU.Repositories.GamePlayerRepository/<SaveChangesAsync>d__4::MoveNext()
FNDA:0,System.Void Assignment_Example_HU.Repositories.GamePlayerRepository/<SaveChangesAsync>d__4::MoveNext()
DA:30,0
DA:31,0
DA:32,0
LF:14
LH:0
BRF:0
BRH:0
FNF:4
FNH:0
end_of_record
SF:C:\Users\Hp\source\repos\sportManagement\Repositories\GameRepository.cs
FN:16,System.Void Assignment_Example_HU.Repositories.GameRepository::.ctor(Assignment_Example_HU.Data.AppDbContext)
FNDA:2,System.Void Assignment_Example_HU.Repositories.GameRepository::.ctor(Assignment_Example_HU.Data.AppDbContext)
DA:17,2
DA:18,2
DA:19,2
DA:20,2
FN:60,System.Collections.Generic.IEnumerable`1<Assignment_Example_HU.Models.Game> Assignment_Example_HU.Repositories.GameRepository/<>c::<GetPendingGamesWithLowPlayersAsync>b__6_2(System.Threading.Tasks.Task`1<System.Collections.Generic.List`1<Assignment_Example_HU.Models.Game>>)
FNDA:1,System.Collections.Generic.IEnumerable`1<Assignment_Example_HU.Models.Game> Assignment_Example_HU.Repositories.GameRepository/<>c::<GetPendingGamesWithLowPlayersAsync>b__6_2(System.Threading.Tasks.Task`1<System.Collections.Generic.List`1<Assignment_Example_HU.Models.Game>>)
DA:61,1
DA:62,4
DA:63,2
FN:66,System.Void Assignment_Example_HU.Repositories.GameRepository/<AddAsync>d__7::MoveNext()
FNDA:0,System.Void Assignment_Example_HU.Repositories.GameRepository/<AddAsync>d__7::MoveNext()
DA:67,0
DA:68,0
DA:69,0
FN:77,System.Void Assignment_Example_HU.Repositories.GameRepository/<ExistsAsync>d__9::MoveNext()
FNDA:0,System.Void Assignment_Example_HU.Repositories.GameRepository/<ExistsAsync>d__9::MoveNext()
DA:78,0
DA:79,0
DA:80,0
FN:46,System.Void Assignment_Example_HU.Repositories.GameRepository/<GetByCreatedByUserIdAsync>d__5::MoveNext()
FNDA:0,System.Void Assignment_Example_HU.Repositories.GameRepository/<GetByCreatedByUserIdAsync>d__5::MoveNext()
DA:47,0
DA:48,0
DA:49,0
DA:50,0
DA:51,0
DA:52,0
FN:22,System.Void Assignment_Example_HU.Repositories.GameRepository/<GetByIdAsync>d__2::MoveNext()
FNDA:0,System.Void Assignment_Example_HU.Repositories.GameRepository/<GetByIdAsync>d__2::MoveNext()
DA:23,0
DA:24,0
DA:25,0
DA:26,0
DA:27,0
FN:29,System.Void Assignment_Example_HU.Repositories.GameRepository/<GetByIdWithPlayersAsync>d__3::MoveNext()
FNDA:1,System.Void Assignment_Example_HU.Repositories.GameRepository/<GetByIdWithPlayersAsync>d__3::MoveNext()
DA:30,1
DA:31,1
DA:32,1
DA:33,1
DA:34,1
DA:35,1
DA:36,1
FN:38,System.Void Assignment_Example_HU.Repositories.GameRepository/<GetByStatusAsync>d__4::MoveNext()
FNDA:0,System.Void Assignment_Example_HU.Repositories.GameRepository/<GetByStatusAsync>d__4::MoveNext()
DA:39,0
DA:40,0
DA:41,0
DA:42,0
DA:43,0
DA:44,0
FN:54,System.Void Assignment_Example_HU.Repositories.GameRepository/<GetPendingGamesWithLowPlayersAsync>d__6::MoveNext()
FNDA:1,System.Void Assignment_Example_HU.Repositories.GameRepository/<GetPendingGamesWithLowPlayersAsync>d__6::MoveNext()
DA:55,1
DA:56,1
DA:57,1
DA:58,1
DA:59,1
DA:60,1
DA:64,1
FN:82,System.Void Assignment_Example_HU.Repositories.GameRepository/<SaveChangesAsync>d__10::MoveNext()
FNDA:0,System.Void Assignment_Example_HU.Repositories.GameRepository/<SaveChangesAsync>d__10::MoveNext()
DA:83,0
DA:84,0
DA:85,0
FN:71,System.Void Assignment_Example_HU.Repositories.GameRepository/<UpdateAsync>d__8::MoveNext()
FNDA:0,System.Void Assignment_Example_HU.Repositories.GameRepository/<UpdateAsync>d__8::MoveNext()
DA:72,0
DA:73,0
DA:74,0
DA:75,0
LF:51
LH:21
BRF:0
BRH:0
FNF:11
FNH:4
end_of_record
SF:C:\Users\Hp\source\repos\sportManagement\Repositories\RatingRepository.cs
FN:16,System.Void Assignment_Example_HU.Repositories.RatingRepository::.ctor(Assignment_Example_HU.Data.AppDbContext)
FNDA:2,System.Void Assignment_Example_HU.Repositories.RatingRepository::.ctor(Assignment_Example_HU.Data.AppDbContext)
DA:17,2
DA:18,2
DA:19,2
DA:20,2
FN:83,System.Void Assignment_Example_HU.Repositories.RatingRepository/<AddAsync>d__9::MoveNext()
FNDA:0,System.Void Assignment_Example_HU.Repositories.RatingRepository/<AddAsync>d__9::MoveNext()
DA:84,0
DA:85,0
DA:86,0
FN:41,System.Void Assignment_Example_HU.Repositories.RatingRepository/<GetByCourtIdAsync>d__4::MoveNext()
FNDA:0,System.Void Assignment_Example_HU.Repositories.RatingRepository/<GetByCourtIdAsync>d__4::MoveNext()
DA:42,0
DA:43,0
DA:44,0
DA:45,0
DA:46,0
DA:47,0
DA:48,0
FN:59,System.Void Assignment_Example_HU.Repositories.RatingRepository/<GetByGameIdAsync>d__6::MoveNext()
FNDA:0,System.Void Assignment_Example_HU.Repositories.RatingRepository/<GetByGameIdAsync>d__6::MoveNext()
DA:60,0
DA:61,0
DA:62,0
DA:63,0
DA:64,0
DA:65,0
FN:22,System.Void Assignment_Example_HU.Repositories.RatingRepository/<GetByIdAsync>d__2::MoveNext()
FNDA:0,System.Void Assignment_Example_HU.Repositories.RatingRepository/<GetByIdAsync>d__2::MoveNext()
DA:23,0
DA:24,0
DA:25,0
DA:26,0
DA:27,0
DA:28,0
DA:29,0
DA:30,0
FN:50,System.Void Assignment_Example_HU.Repositories.RatingRepository/<GetByPlayerIdAsync>d__5::MoveNext()
FNDA:0,System.Void Assignment_Example_HU.Repositories.RatingRepository/<GetByPlayerIdAsync>d__5::MoveNext()
DA:51,0
DA:52,0
DA:53,0
DA:54,0
DA:55,0
DA:56,0
DA:57,0
FN:67,System.Void Assignment_Example_HU.Repositories.RatingRepository/<GetByUserAndGameAndTypeAsync>d__7::MoveNext()
FNDA:0,System.Void Assignment_Example_HU.Repositories.RatingRepository/<GetByUserAndGameAndTypeAsync>d__7::MoveNext()
DA:68,0
DA:69,0
DA:70,0
DA:71,0
DA:72,0
DA:73,0
FN:32,System.Void Assignment_Example_HU.Repositories.RatingRepository/<GetByVenueIdAsync>d__3::MoveNext()
FNDA:1,System.Void Assignment_Example_HU.Repositories.RatingRepository/<GetByVenueIdAsync>d__3::MoveNext()
DA:33,1
DA:34,1
DA:35,1
DA:36,1
DA:37,1
DA:38,1
DA:39,1
FN:75,System.Void Assignment_Example_HU.Repositories.RatingRepository/<HasRatedAsync>d__8::MoveNext()
FNDA:1,System.Void Assignment_Example_HU.Repositories.RatingRepository/<HasRatedAsync>d__8::MoveNext()
DA:76,1
DA:77,1
DA:78,1
DA:79,1
DA:80,1
DA:81,1
FN:94,System.Void Assignment_Example_HU.Repositories.RatingRepository/<SaveChangesAsync>d__11::MoveNext()
FNDA:0,System.Void Assignment_Example_HU.Repositories.RatingRepository/<SaveChangesAsync>d__11::MoveNext()
DA:95,0
DA:96,0
DA:97,0
FN:88,System.Void Assignment_Example_HU.Repositories.RatingRepository/<UpdateAsync>d__10::MoveNext()
FNDA:0,System.Void Assignment_Example_HU.Repositories.RatingRepository/<UpdateAsync>d__10::MoveNext()
DA:89,0
DA:90,0
DA:91,0
DA:92,0
LF:61
LH:17
BRF:0
BRH:0
FNF:11
FNH:3
end_of_record
SF:C:\Users\Hp\source\repos\sportManagement\Repositories\RefundRepository.cs
FN:16,System.Void Assignment_Example_HU.Repositories.RefundRepository::.ctor(Assignment_Example_HU.Data.AppDbContext)
FNDA:2,System.Void Assignment_Example_HU.Repositories.RefundRepository::.ctor(Assignment_Example_HU.Data.AppDbContext)
DA:17,2
DA:18,2
DA:19,2
DA:20,2
FN:56,System.Void Assignment_Example_HU.Repositories.RefundRepository/<AddAsync>d__6::MoveNext()
FNDA:0,System.Void Assignment_Example_HU.Repositories.RefundRepository/<AddAsync>d__6::MoveNext()
DA:57,0
DA:58,0
DA:59,0
FN:22,System.Void Assignment_Example_HU.Repositories.RefundRepository/<GetByIdAsync>d__2::MoveNext()
FNDA:0,System.Void Assignment_Example_HU.Repositories.RefundRepository/<GetByIdAsync>d__2::MoveNext()
DA:23,0
DA:24,0
DA:25,0
DA:26,0
DA:27,0
FN:29,System.Void Assignment_Example_HU.Repositories.RefundRepository/<GetByReferenceIdAsync>d__3::MoveNext()
FNDA:0,System.Void Assignment_Example_HU.Repositories.RefundRepository/<GetByReferenceIdAsync>d__3::MoveNext()
DA:30,0
DA:31,0
DA:32,0
DA:34,0
DA:35,0
DA:36,0
DA:37,0
BRDA:31,64,0,0
BRDA:31,64,1,0
FN:47,System.Void Assignment_Example_HU.Repositories.RefundRepository/<GetByUserIdAsync>d__5::MoveNext()
FNDA:1,System.Void Assignment_Example_HU.Repositories.RefundRepository/<GetByUserIdAsync>d__5::MoveNext()
DA:48,1
DA:49,1
DA:50,1
DA:51,1
DA:52,1
DA:53,1
DA:54,1
FN:39,System.Void Assignment_Example_HU.Repositories.RefundRepository/<GetPendingRefundsAsync>d__4::MoveNext()
FNDA:1,System.Void Assignment_Example_HU.Repositories.RefundRepository/<GetPendingRefundsAsync>d__4::MoveNext()
DA:40,1
DA:41,1
DA:42,1
DA:43,1
DA:44,1
DA:45,1
FN:67,System.Void Assignment_Example_HU.Repositories.RefundRepository/<SaveChangesAsync>d__8::MoveNext()
FNDA:0,System.Void Assignment_Example_HU.Repositories.RefundRepository/<SaveChangesAsync>d__8::MoveNext()
DA:68,0
DA:69,0
DA:70,0
FN:61,System.Void Assignment_Example_HU.Repositories.RefundRepository/<UpdateAsync>d__7::MoveNext()
FNDA:0,System.Void Assignment_Example_HU.Repositories.RefundRepository/<UpdateAsync>d__7::MoveNext()
DA:62,0
DA:63,0
DA:64,0
DA:65,0
LF:39
LH:17
BRF:2
BRH:0
FNF:8
FNH:3
end_of_record
SF:C:\Users\Hp\source\repos\sportManagement\Repositories\SlotRepository.cs
FN:16,System.Void Assignment_Example_HU.Repositories.SlotRepository::.ctor(Assignment_Example_HU.Data.AppDbContext)
FNDA:4,System.Void Assignment_Example_HU.Repositories.SlotRepository::.ctor(Assignment_Example_HU.Data.AppDbContext)
DA:17,4
DA:18,4
DA:19,4
DA:20,4
FN:97,System.Void Assignment_Example_HU.Repositories.SlotRepository/<AddAsync>d__7::MoveNext()
FNDA:0,System.Void Assignment_Example_HU.Repositories.SlotRepository/<AddAsync>d__7::MoveNext()
DA:98,0
DA:99,0
DA:100,0
FN:37,System.Void Assignment_Example_HU.Repositories.SlotRepository/<ExistsAsync>d__4::MoveNext()
FNDA:0,System.Void Assignment_Example_HU.Repositories.SlotRepository/<ExistsAsync>d__4::MoveNext()
DA:38,0
DA:39,0
DA:40,0
FN:46,System.Void Assignment_Example_HU.Repositories.SlotRepository/<GetAvailableSlotsAsync>d__5::MoveNext()
FNDA:1,System.Void Assignment_Example_HU.Repositories.SlotRepository/<GetAvailableSlotsAsync>d__5::MoveNext()
DA:47,1
DA:48,1
DA:49,1
DA:50,1
DA:51,1
DA:54,1
DA:55,1
DA:56,1
DA:57,1
DA:60,1
DA:61,0
DA:62,0
DA:63,0
DA:66,1
DA:67,0
DA:68,0
DA:69,0
DA:71,1
DA:72,0
DA:73,0
DA:74,0
DA:77,1
DA:80,1
DA:82,1
DA:83,1
DA:84,1
DA:85,1
BRDA:54,266,0,1
BRDA:54,266,1,1
BRDA:60,449,0,0
BRDA:60,449,1,1
BRDA:66,652,0,0
BRDA:66,652,1,1
BRDA:71,835,0,0
BRDA:71,835,1,1
FN:22,System.Void Assignment_Example_HU.Repositories.SlotRepository/<GetByIdAsync>d__2::MoveNext()
FNDA:1,System.Void Assignment_Example_HU.Repositories.SlotRepository/<GetByIdAsync>d__2::MoveNext()
DA:23,1
DA:24,1
DA:25,1
DA:26,1
DA:27,1
FN:29,System.Void Assignment_Example_HU.Repositories.SlotRepository/<GetByIdWithCourtAsync>d__3::MoveNext()
FNDA:0,System.Void Assignment_Example_HU.Repositories.SlotRepository/<GetByIdWithCourtAsync>d__3::MoveNext()
DA:30,0
DA:31,0
DA:32,0
DA:33,0
DA:34,0
DA:35,0
FN:87,System.Void Assignment_Example_HU.Repositories.SlotRepository/<GetExpiredLocksAsync>d__6::MoveNext()
FNDA:1,System.Void Assignment_Example_HU.Repositories.SlotRepository/<GetExpiredLocksAsync>d__6::MoveNext()
DA:88,1
DA:89,1
DA:90,1
DA:91,1
DA:92,1
DA:93,1
DA:94,1
DA:95,1
FN:108,System.Void Assignment_Example_HU.Repositories.SlotRepository/<SaveChangesAsync>d__9::MoveNext()
FNDA:1,System.Void Assignment_Example_HU.Repositories.SlotRepository/<SaveChangesAsync>d__9::MoveNext()
DA:109,1
DA:110,1
DA:111,1
FN:102,System.Void Assignment_Example_HU.Repositories.SlotRepository/<UpdateAsync>d__8::MoveNext()
FNDA:1,System.Void Assignment_Example_HU.Repositories.SlotRepository/<UpdateAsync>d__8::MoveNext()
DA:103,1
DA:104,1
DA:105,1
DA:106,1
LF:63
LH:42
BRF:8
BRH:5
FNF:9
FNH:6
end_of_record
SF:C:\Users\Hp\source\repos\sportManagement\Repositories\TransactionRepository.cs
FN:15,System.Void Assignment_Example_HU.Repositories.TransactionRepository::.ctor(Assignment_Example_HU.Data.AppDbContext)
FNDA:2,System.Void Assignment_Example_HU.Repositories.TransactionRepository::.ctor(Assignment_Example_HU.Data.AppDbContext)
DA:16,2
DA:17,2
DA:18,2
DA:19,2
FN:56,System.Void Assignment_Example_HU.Repositories.TransactionRepository/<AddAsync>d__6::MoveNext()
FNDA:0,System.Void Assignment_Example_HU.Repositories.TransactionRepository/<AddAsync>d__6::MoveNext()
DA:57,0
DA:58,0
DA:59,0
FN:21,System.Void Assignment_Example_HU.Repositories.TransactionRepository/<GetByIdAsync>d__2::MoveNext()
FNDA:0,System.Void Assignment_Example_HU.Repositories.TransactionRepository/<GetByIdAsync>d__2::MoveNext()
DA:22,0
DA:23,0
DA:24,0
DA:25,0
DA:26,0
FN:28,System.Void Assignment_Example_HU.Repositories.TransactionRepository/<GetByReferenceIdAsync>d__3::MoveNext()
FNDA:1,System.Void Assignment_Example_HU.Repositories.TransactionRepository/<GetByReferenceIdAsync>d__3::MoveNext()
DA:29,1
DA:30,1
DA:31,0
DA:33,1
DA:34,1
DA:35,1
DA:36,1
BRDA:30,64,0,0
BRDA:30,64,1,1
FN:47,System.Void Assignment_Example_HU.Repositories.TransactionRepository/<GetByUserIdAsync>d__5::MoveNext()
FNDA:1,System.Void Assignment_Example_HU.Repositories.TransactionRepository/<GetByUserIdAsync>d__5::MoveNext()
DA:48,1
DA:49,1
DA:50,1
DA:51,1
DA:52,1
DA:53,1
DA:54,1
FN:38,System.Void Assignment_Example_HU.Repositories.TransactionRepository/<GetByWalletIdAsync>d__4::MoveNext()
FNDA:0,System.Void Assignment_Example_HU.Repositories.TransactionRepository/<GetByWalletIdAsync>d__4::MoveNext()
DA:39,0
DA:40,0
DA:41,0
DA:42,0
DA:43,0
DA:44,0
DA:45,0
FN:67,System.Void Assignment_Example_HU.Repositories.TransactionRepository/<SaveChangesAsync>d__8::MoveNext()
FNDA:0,System.Void Assignment_Example_HU.Repositories.TransactionRepository/<SaveChangesAsync>d__8::MoveNext()
DA:68,0
DA:69,0
DA:70,0
FN:61,System.Void Assignment_Example_HU.Repositories.TransactionRepository/<UpdateAsync>d__7::MoveNext()
FNDA:0,System.Void Assignment_Example_HU.Repositories.TransactionRepository/<UpdateAsync>d__7::MoveNext()
DA:62,0
DA:63,0
DA:64,0
DA:65,0
LF:40
LH:17
BRF:2
BRH:1
FNF:8
FNH:3
end_of_record
SF:C:\Users\Hp\source\repos\sportManagement\Repositories\UserRepository.cs
FN:13,System.Void Assignment_Example_HU.Repositories.UserRepository::.ctor(Assignment_Example_HU.Data.AppDbContext)
FNDA:2,System.Void Assignment_Example_HU.Repositories.UserRepository::.ctor(Assignment_Example_HU.Data.AppDbContext)
DA:14,2
DA:15,2
DA:16,2
DA:17,2
FN:33,System.Void Assignment_Example_HU.Repositories.UserRepository/<AddAsync>d__4::MoveNext()
FNDA:0,System.Void Assignment_Example_HU.Repositories.UserRepository/<AddAsync>d__4::MoveNext()
DA:34,0
DA:35,0
DA:36,0
FN:38,System.Void Assignment_Example_HU.Repositories.UserRepository/<EmailExistsAsync>d__5::MoveNext()
FNDA:1,System.Void Assignment_Example_HU.Repositories.UserRepository/<EmailExistsAsync>d__5::MoveNext()
DA:39,1
DA:40,1
DA:41,1
FN:19,System.Void Assignment_Example_HU.Repositories.UserRepository/<GetByEmailAsync>d__2::MoveNext()
FNDA:1,System.Void Assignment_Example_HU.Repositories.UserRepository/<GetByEmailAsync>d__2::MoveNext()
DA:20,1
DA:21,1
DA:22,1
DA:23,1
DA:24,1
FN:26,System.Void Assignment_Example_HU.Repositories.UserRepository/<GetByIdAsync>d__3::MoveNext()
FNDA:0,System.Void Assignment_Example_HU.Repositories.UserRepository/<GetByIdAsync>d__3::MoveNext()
DA:27,0
DA:28,0
DA:29,0
DA:30,0
DA:31,0
FN:43,System.Void Assignment_Example_HU.Repositories.UserRepository/<SaveChangesAsync>d__6::MoveNext()
FNDA:0,System.Void Assignment_Example_HU.Repositories.UserRepository/<SaveChangesAsync>d__6::MoveNext()
DA:44,0
DA:45,0
DA:46,0
LF:23
LH:12
BRF:0
BRH:0
FNF:6
FNH:3
end_of_record
SF:C:\Users\Hp\source\repos\sportManagement\Repositories\VenueRepository.cs
FN:15,System.Void Assignment_Example_HU.Repositories.VenueRepository::.ctor(Assignment_Example_HU.Data.AppDbContext)
FNDA:2,System.Void Assignment_Example_HU.Repositories.VenueRepository::.ctor(Assignment_Example_HU.Data.AppDbContext)
DA:16,2
DA:17,2
DA:18,2
DA:19,2
FN:50,System.Void Assignment_Example_HU.Repositories.VenueRepository/<AddAsync>d__6::MoveNext()
FNDA:0,System.Void Assignment_Example_HU.Repositories.VenueRepository/<AddAsync>d__6::MoveNext()
DA:51,0
DA:52,0
DA:53,0
FN:61,System.Void Assignment_Example_HU.Repositories.VenueRepository/<ExistsAsync>d__8::MoveNext()
FNDA:0,System.Void Assignment_Example_HU.Repositories.VenueRepository/<ExistsAsync>d__8::MoveNext()
DA:62,0
DA:63,0
DA:64,0
FN:43,System.Void Assignment_Example_HU.Repositories.VenueRepository/<GetAllAsync>d__5::MoveNext()
FNDA:1,System.Void Assignment_Example_HU.Repositories.VenueRepository/<GetAllAsync>d__5::MoveNext()
DA:44,1
DA:45,1
DA:46,1
DA:47,1
DA:48,1
FN:21,System.Void Assignment_Example_HU.Repositories.VenueRepository/<GetByIdAsync>d__2::MoveNext()
FNDA:0,System.Void Assignment_Example_HU.Repositories.VenueRepository/<GetByIdAsync>d__2::MoveNext()
DA:22,0
DA:23,0
DA:24,0
DA:25,0
DA:26,0
FN:28,System.Void Assignment_Example_HU.Repositories.VenueRepository/<GetByIdWithOwnerAsync>d__3::MoveNext()
FNDA:0,System.Void Assignment_Example_HU.Repositories.VenueRepository/<GetByIdWithOwnerAsync>d__3::MoveNext()
DA:29,0
DA:30,0
DA:31,0
DA:32,0
DA:33,0
FN:35,System.Void Assignment_Example_HU.Repositories.VenueRepository/<GetByOwnerIdAsync>d__4::MoveNext()
FNDA:1,System.Void Assignment_Example_HU.Repositories.VenueRepository/<GetByOwnerIdAsync>d__4::MoveNext()
DA:36,1
DA:37,1
DA:38,1
DA:39,1
DA:40,1
DA:41,1
FN:66,System.Void Assignment_Example_HU.Repositories.VenueRepository/<SaveChangesAsync>d__9::MoveNext()
FNDA:0,System.Void Assignment_Example_HU.Repositories.VenueRepository/<SaveChangesAsync>d__9::MoveNext()
DA:67,0
DA:68,0
DA:69,0
FN:55,System.Void Assignment_Example_HU.Repositories.VenueRepository/<UpdateAsync>d__7::MoveNext()
FNDA:0,System.Void Assignment_Example_HU.Repositories.VenueRepository/<UpdateAsync>d__7::MoveNext()
DA:56,0
DA:57,0
DA:58,0
DA:59,0
LF:38
LH:15
BRF:0
BRH:0
FNF:9
FNH:3
end_of_record
SF:C:\Users\Hp\source\repos\sportManagement\Repositories\WaitlistRepository.cs
FN:15,System.Void Assignment_Example_HU.Repositories.WaitlistRepository::.ctor(Assignment_Example_HU.Data.AppDbContext)
FNDA:2,System.Void Assignment_Example_HU.Repositories.WaitlistRepository::.ctor(Assignment_Example_HU.Data.AppDbContext)
DA:16,2
DA:17,2
DA:18,2
DA:19,2
FN:67,System.Void Assignment_Example_HU.Repositories.WaitlistRepository/<AddAsync>d__8::MoveNext()
FNDA:0,System.Void Assignment_Example_HU.Repositories.WaitlistRepository/<AddAsync>d__8::MoveNext()
DA:68,0
DA:69,0
DA:70,0
FN:55,System.Void Assignment_Example_HU.Repositories.WaitlistRepository/<ExistsAsync>d__6::MoveNext()
FNDA:0,System.Void Assignment_Example_HU.Repositories.WaitlistRepository/<ExistsAsync>d__6::MoveNext()
DA:56,0
DA:57,0
DA:58,0
DA:59,0
FN:29,System.Void Assignment_Example_HU.Repositories.WaitlistRepository/<GetByGameAndUserAsync>d__3::MoveNext()
FNDA:0,System.Void Assignment_Example_HU.Repositories.WaitlistRepository/<GetByGameAndUserAsync>d__3::MoveNext()
DA:30,0
DA:31,0
DA:32,0
DA:33,0
DA:34,0
FN:36,System.Void Assignment_Example_HU.Repositories.WaitlistRepository/<GetByGameIdAsync>d__4::MoveNext()
FNDA:1,System.Void Assignment_Example_HU.Repositories.WaitlistRepository/<GetByGameIdAsync>d__4::MoveNext()
DA:37,1
DA:38,1
DA:39,1
DA:40,1
DA:41,1
DA:42,1
DA:43,1
DA:44,1
FN:21,System.Void Assignment_Example_HU.Repositories.WaitlistRepository/<GetByIdAsync>d__2::MoveNext()
FNDA:0,System.Void Assignment_Example_HU.Repositories.WaitlistRepository/<GetByIdAsync>d__2::MoveNext()
DA:22,0
DA:23,0
DA:24,0
DA:25,0
DA:26,0
DA:27,0
FN:46,System.Void Assignment_Example_HU.Repositories.WaitlistRepository/<GetByUserIdAsync>d__5::MoveNext()
FNDA:0,System.Void Assignment_Example_HU.Repositories.WaitlistRepository/<GetByUserIdAsync>d__5::MoveNext()
DA:47,0
DA:48,0
DA:49,0
DA:50,0
DA:51,0
DA:52,0
DA:53,0
FN:61,System.Void Assignment_Example_HU.Repositories.WaitlistRepository/<GetCountByGameIdAsync>d__7::MoveNext()
FNDA:0,System.Void Assignment_Example_HU.Repositories.WaitlistRepository/<GetCountByGameIdAsync>d__7::MoveNext()
DA:62,0
DA:63,0
DA:64,0
DA:65,0
FN:72,System.Void Assignment_Example_HU.Repositories.WaitlistRepository/<RemoveAsync>d__9::MoveNext()
FNDA:1,System.Void Assignment_Example_HU.Repositories.WaitlistRepository/<RemoveAsync>d__9::MoveNext()
DA:73,1
DA:74,1
DA:75,1
DA:76,1
FN:78,System.Void Assignment_Example_HU.Repositories.WaitlistRepository/<SaveChangesAsync>d__10::MoveNext()
FNDA:1,System.Void Assignment_Example_HU.Repositories.WaitlistRepository/<SaveChangesAsync>d__10::MoveNext()
DA:79,1
DA:80,1
DA:81,1
LF:48
LH:19
BRF:0
BRH:0
FNF:10
FNH:4
end_of_record
SF:C:\Users\Hp\source\repos\sportManagement\Repositories\WalletRepository.cs
FN:13,System.Void Assignment_Example_HU.Repositories.WalletRepository::.ctor(Assignment_Example_HU.Data.AppDbContext)
FNDA:2,System.Void Assignment_Example_HU.Repositories.WalletRepository::.ctor(Assignment_Example_HU.Data.AppDbContext)
DA:14,2
DA:15,2
DA:16,2
DA:17,2
FN:33,System.Void Assignment_Example_HU.Repositories.WalletRepository/<AddAsync>d__4::MoveNext()
FNDA:0,System.Void Assignment_Example_HU.Repositories.WalletRepository/<AddAsync>d__4::MoveNext()
DA:34,0
DA:35,0
DA:36,0
FN:44,System.Void Assignment_Example_HU.Repositories.WalletRepository/<ExistsForUserAsync>d__6::MoveNext()
FNDA:1,System.Void Assignment_Example_HU.Repositories.WalletRepository/<ExistsForUserAsync>d__6::MoveNext()
DA:45,1
DA:46,1
DA:47,1
FN:19,System.Void Assignment_Example_HU.Repositories.WalletRepository/<GetByUserIdAsync>d__2::MoveNext()
FNDA:0,System.Void Assignment_Example_HU.Repositories.WalletRepository/<GetByUserIdAsync>d__2::MoveNext()
DA:20,0
DA:21,0
DA:22,0
DA:23,0
DA:24,0
FN:26,System.Void Assignment_Example_HU.Repositories.WalletRepository/<GetByUserIdWithTransactionsAsync>d__3::MoveNext()
FNDA:1,System.Void Assignment_Example_HU.Repositories.WalletRepository/<GetByUserIdWithTransactionsAsync>d__3::MoveNext()
DA:27,1
DA:28,1
DA:29,1
DA:30,1
DA:31,1
FN:49,System.Void Assignment_Example_HU.Repositories.WalletRepository/<SaveChangesAsync>d__7::MoveNext()
FNDA:0,System.Void Assignment_Example_HU.Repositories.WalletRepository/<SaveChangesAsync>d__7::MoveNext()
DA:50,0
DA:51,0
DA:52,0
FN:38,System.Void Assignment_Example_HU.Repositories.WalletRepository/<UpdateAsync>d__5::MoveNext()
FNDA:0,System.Void Assignment_Example_HU.Repositories.WalletRepository/<UpdateAsync>d__5::MoveNext()
DA:39,0
DA:40,0
DA:41,0
DA:42,0
LF:27
LH:12
BRF:0
BRH:0
FNF:7
FNH:3
end_of_record
SF:C:\Users\Hp\source\repos\sportManagement\Models\Court.cs
FN:8,System.Guid Assignment_Example_HU.Models.Court::get_Id()
FNDA:19,System.Guid Assignment_Example_HU.Models.Court::get_Id()
DA:9,19
FN:9,System.Guid Assignment_Example_HU.Models.Court::get_VenueId()
FNDA:18,System.Guid Assignment_Example_HU.Models.Court::get_VenueId()
DA:10,18
FN:10,System.String Assignment_Example_HU.Models.Court::get_Name()
FNDA:32,System.String Assignment_Example_HU.Models.Court::get_Name()
DA:11,32
FN:11,Assignment_Example_HU.Enums.SportType Assignment_Example_HU.Models.Court::get_SportType()
FNDA:1,Assignment_Example_HU.Enums.SportType Assignment_Example_HU.Models.Court::get_SportType()
DA:12,1
FN:12,System.Int32 Assignment_Example_HU.Models.Court::get_SlotDurationMinutes()
FNDA:22,System.Int32 Assignment_Example_HU.Models.Court::get_SlotDurationMinutes()
DA:13,22
FN:13,System.Decimal Assignment_Example_HU.Models.Court::get_BasePrice()
FNDA:1,System.Decimal Assignment_Example_HU.Models.Court::get_BasePrice()
DA:14,1
FN:14,System.String Assignment_Example_HU.Models.Court::get_OperatingHours()
FNDA:26,System.String Assignment_Example_HU.Models.Court::get_OperatingHours()
DA:15,26
FN:15,System.Boolean Assignment_Example_HU.Models.Court::get_IsActive()
FNDA:24,System.Boolean Assignment_Example_HU.Models.Court::get_IsActive()
DA:16,24
[...]
DA:54,2
BRDA:48,18,0,0
BRDA:48,18,1,2
BRDA:49,36,0,2
BRDA:49,36,1,0
BRDA:49,54,0,0
BRDA:49,54,1,2
FN:18,System.Void Assignment_Example_HU.Controllers.RefundsController::.ctor(Assignment_Example_HU.Services.Interfaces.IRefundService)
FNDA:2,System.Void Assignment_Example_HU.Controllers.RefundsController::.ctor(Assignment_Example_HU.Services.Interfaces.IRefundService)
DA:19,2
DA:20,2
DA:21,2
DA:22,2
FN:39,System.Void Assignment_Example_HU.Controllers.RefundsController/<GetUserRefunds>d__3::MoveNext()
FNDA:1,System.Void Assignment_Example_HU.Controllers.RefundsController/<GetUserRefunds>d__3::MoveNext()
DA:40,1
DA:41,1
DA:42,1
DA:43,1
DA:44,1
FN:28,System.Void Assignment_Example_HU.Controllers.RefundsController/<RequestRefund>d__2::MoveNext()
FNDA:1,System.Void Assignment_Example_HU.Controllers.RefundsController/<RequestRefund>d__2::MoveNext()
DA:29,1
DA:30,1
DA:31,1
DA:32,1
DA:33,1
LF:21
LH:19
BRF:6
BRH:3
FNF:4
FNH:4
end_of_record
SF:C:\Users\Hp\source\repos\sportManagement\Controllers\SlotsController.cs
FN:101,System.Guid Assignment_Example_HU.Controllers.SlotsController::GetCurrentUserId()
FNDA:4,System.Guid Assignment_Example_HU.Controllers.SlotsController::GetCurrentUserId()
DA:102,4
DA:103,4
DA:104,4
DA:105,0
DA:106,0
DA:108,4
DA:109,4
BRDA:103,18,0,0
BRDA:103,18,1,4
BRDA:104,36,0,4
BRDA:104,36,1,0
BRDA:104,54,0,0
BRDA:104,54,1,4
FN:17,System.Void Assignment_Example_HU.Controllers.SlotsController::.ctor(Assignment_Example_HU.Services.Interfaces.ISlotService)
FNDA:7,System.Void Assignment_Example_HU.Controllers.SlotsController::.ctor(Assignment_Example_HU.Services.Interfaces.ISlotService)
DA:18,7
DA:19,7
DA:20,7
DA:21,7
FN:94,System.Void Assignment_Example_HU.Controllers.SlotsController/<CancelBooking>d__7::MoveNext()
FNDA:1,System.Void Assignment_Example_HU.Controllers.SlotsController/<CancelBooking>d__7::MoveNext()
DA:95,1
DA:96,1
DA:97,1
DA:98,1
DA:99,1
FN:70,System.Void Assignment_Example_HU.Controllers.SlotsController/<ConfirmBooking>d__5::MoveNext()
FNDA:1,System.Void Assignment_Example_HU.Controllers.SlotsController/<ConfirmBooking>d__5::MoveNext()
DA:71,1
DA:72,1
DA:73,1
DA:74,1
DA:75,1
FN:32,System.Void Assignment_Example_HU.Controllers.SlotsController/<GetAvailableSlots>d__2::MoveNext()
FNDA:1,System.Void Assignment_Example_HU.Controllers.SlotsController/<GetAvailableSlots>d__2::MoveNext()
DA:33,1
DA:34,1
DA:35,1
DA:36,1
FN:43,System.Void Assignment_Example_HU.Controllers.SlotsController/<GetSlotDetails>d__3::MoveNext()
FNDA:2,System.Void Assignment_Example_HU.Controllers.SlotsController/<GetSlotDetails>d__3::MoveNext()
DA:44,2
DA:45,2
DA:46,2
DA:47,1
DA:48,1
DA:50,1
DA:51,2
BRDA:46,164,0,1
BRDA:46,164,1,1
FN:58,System.Void Assignment_Example_HU.Controllers.SlotsController/<LockSlot>d__4::MoveNext()
FNDA:1,System.Void Assignment_Example_HU.Controllers.SlotsController/<LockSlot>d__4::MoveNext()
DA:59,1
DA:60,1
DA:61,1
DA:62,1
DA:63,1
FN:82,System.Void Assignment_Example_HU.Controllers.SlotsController/<ReleaseLock>d__6::MoveNext()
FNDA:1,System.Void Assignment_Example_HU.Controllers.SlotsController/<ReleaseLock>d__6::MoveNext()
DA:83,1
DA:84,1
DA:85,1
DA:86,1
DA:87,1
LF:42
LH:40
BRF:8
BRH:5
FNF:8
FNH:8
end_of_record
SF:C:\Users\Hp\source\repos\sportManagement\Controllers\VenuesController.cs
FN:105,System.Guid Assignment_Example_HU.Controllers.VenuesController::GetCurrentUserId()
FNDA:5,System.Guid Assignment_Example_HU.Controllers.VenuesController::GetCurrentUserId()
DA:106,5
DA:107,5
DA:108,5
DA:109,1
DA:110,1
DA:112,4
DA:113,4
BRDA:107,18,0,1
BRDA:107,18,1,4
BRDA:108,36,0,4
BRDA:108,36,1,1
BRDA:108,54,0,1
BRDA:108,54,1,4
FN:18,System.Void Assignment_Example_HU.Controllers.VenuesController::.ctor(Assignment_Example_HU.Services.Interfaces.IVenueService)
FNDA:10,System.Void Assignment_Example_HU.Controllers.VenuesController::.ctor(Assignment_Example_HU.Services.Interfaces.IVenueService)
DA:19,10
DA:20,10
DA:21,10
DA:22,10
FN:65,System.Void Assignment_Example_HU.Controllers.VenuesController/<CreateVenue>d__5::MoveNext()
FNDA:1,System.Void Assignment_Example_HU.Controllers.VenuesController/<CreateVenue>d__5::MoveNext()
DA:66,1
DA:67,1
DA:68,1
DA:69,1
DA:70,1
FN:98,System.Void Assignment_Example_HU.Controllers.VenuesController/<DeleteVenue>d__8::MoveNext()
FNDA:1,System.Void Assignment_Example_HU.Controllers.VenuesController/<DeleteVenue>d__8::MoveNext()
DA:99,1
DA:100,1
DA:101,1
DA:102,1
DA:103,1
FN:29,System.Void Assignment_Example_HU.Controllers.VenuesController/<GetAllVenues>d__2::MoveNext()
FNDA:1,System.Void Assignment_Example_HU.Controllers.VenuesController/<GetAllVenues>d__2::MoveNext()
DA:30,1
DA:31,1
DA:32,1
DA:33,1
FN:54,System.Void Assignment_Example_HU.Controllers.VenuesController/<GetMyVenues>d__4::MoveNext()
FNDA:2,System.Void Assignment_Example_HU.Controllers.VenuesController/<GetMyVenues>d__4::MoveNext()
DA:55,2
DA:56,2
DA:57,1
DA:58,1
DA:59,1
FN:40,System.Void Assignment_Example_HU.Controllers.VenuesController/<GetVenue>d__3::MoveNext()
FNDA:2,System.Void Assignment_Example_HU.Controllers.VenuesController/<GetVenue>d__3::MoveNext()
DA:41,2
DA:42,2
DA:43,2
DA:44,1
DA:45,1
DA:47,1
DA:48,2
BRDA:43,164,0,1
BRDA:43,164,1,1
FN:76,System.Void Assignment_Example_HU.Controllers.VenuesController/<UpdateVenue>d__6::MoveNext()
FNDA:1,System.Void Assignment_Example_HU.Controllers.VenuesController/<UpdateVenue>d__6::MoveNext()
DA:77,1
DA:78,1
DA:79,1
DA:80,1
DA:81,1
FN:88,System.Void Assignment_Example_HU.Controllers.VenuesController/<UpdateVenueApproval>d__7::MoveNext()
FNDA:1,System.Void Assignment_Example_HU.Controllers.VenuesController/<UpdateVenueApproval>d__7::MoveNext()
DA:89,1
DA:90,1
DA:91,1
DA:92,1
LF:46
LH:46
BRF:8
BRH:8
FNF:9
FNH:9
end_of_record
SF:C:\Users\Hp\source\repos\sportManagement\Controllers\WaitlistController.cs
FN:79,System.Guid Assignment_Example_HU.Controllers.WaitlistController::GetCurrentUserId()
FNDA:3,System.Guid Assignment_Example_HU.Controllers.WaitlistController::GetCurrentUserId()
DA:80,3
DA:81,3
DA:82,3
DA:83,0
DA:84,0
DA:86,3
DA:87,3
BRDA:81,18,0,0
BRDA:81,18,1,3
BRDA:82,36,0,3
BRDA:82,36,1,0
BRDA:82,54,0,0
BRDA:82,54,1,3
FN:18,System.Void Assignment_Example_HU.Controllers.WaitlistController::.ctor(Assignment_Example_HU.Services.Interfaces.IWaitlistService)
FNDA:5,System.Void Assignment_Example_HU.Controllers.WaitlistController::.ctor(Assignment_Example_HU.Services.Interfaces.IWaitlistService)
DA:19,5
DA:20,5
DA:21,5
DA:22,5
FN:51,System.Void Assignment_Example_HU.Controllers.WaitlistController/<GetWaitlistByGame>d__4::MoveNext()
FNDA:1,System.Void Assignment_Example_HU.Controllers.WaitlistController/<GetWaitlistByGame>d__4::MoveNext()
DA:52,1
DA:53,1
DA:54,1
DA:55,1
FN:73,System.Void Assignment_Example_HU.Controllers.WaitlistController/<GetWaitlistCount>d__6::MoveNext()
FNDA:1,System.Void Assignment_Example_HU.Controllers.WaitlistController/<GetWaitlistCount>d__6::MoveNext()
DA:74,1
DA:75,1
DA:76,1
DA:77,1
FN:61,System.Void Assignment_Example_HU.Controllers.WaitlistController/<InviteFromWaitlist>d__5::MoveNext()
FNDA:1,System.Void Assignment_Example_HU.Controllers.WaitlistController/<InviteFromWaitlist>d__5::MoveNext()
DA:62,1
DA:63,1
DA:64,1
DA:65,1
DA:66,1
FN:28,System.Void Assignment_Example_HU.Controllers.WaitlistController/<JoinWaitlist>d__2::MoveNext()
FNDA:1,System.Void Assignment_Example_HU.Controllers.WaitlistController/<JoinWaitlist>d__2::MoveNext()
DA:29,1
DA:30,1
DA:31,1
DA:32,1
DA:33,1
FN:39,System.Void Assignment_Example_HU.Controllers.WaitlistController/<LeaveWaitlist>d__3::MoveNext()
FNDA:1,System.Void Assignment_Example_HU.Controllers.WaitlistController/<LeaveWaitlist>d__3::MoveNext()
DA:40,1
DA:41,1
DA:42,1
DA:43,1
DA:44,1
LF:34
LH:32
BRF:6
BRH:3
FNF:7
FNH:7
end_of_record
SF:C:\Users\Hp\source\repos\sportManagement\Controllers\WalletController.cs
FN:57,System.Guid Assignment_Example_HU.Controllers.WalletController::GetCurrentUserId()
FNDA:3,System.Guid Assignment_Example_HU.Controllers.WalletController::GetCurrentUserId()
DA:58,3
DA:59,3
DA:60,3
DA:61,0
DA:62,0
DA:64,3
DA:65,3
BRDA:59,18,0,0
BRDA:59,18,1,3
BRDA:60,36,0,3
BRDA:60,36,1,0
BRDA:60,54,0,0
BRDA:60,54,1,3
FN:18,System.Void Assignment_Example_HU.Controllers.WalletController::.ctor(Assignment_Example_HU.Services.Interfaces.IWalletService)
FNDA:3,System.Void Assignment_Example_HU.Controllers.WalletController::.ctor(Assignment_Example_HU.Services.Interfaces.IWalletService)
DA:19,3
DA:20,3
DA:21,3
DA:22,3
FN:39,System.Void Assignment_Example_HU.Controllers.WalletController/<AddFunds>d__3::MoveNext()
FNDA:1,System.Void Assignment_Example_HU.Controllers.WalletController/<AddFunds>d__3::MoveNext()
DA:40,1
DA:41,1
DA:42,1
DA:43,1
DA:44,1
FN:50,System.Void Assignment_Example_HU.Controllers.WalletController/<GetTransactionHistory>d__4::MoveNext()
FNDA:1,System.Void Assignment_Example_HU.Controllers.WalletController/<GetTransactionHistory>d__4::MoveNext()
DA:51,1
DA:52,1
DA:53,1
DA:54,1
DA:55,1
FN:28,System.Void Assignment_Example_HU.Controllers.WalletController/<GetWallet>d__2::MoveNext()
FNDA:1,System.Void Assignment_Example_HU.Controllers.WalletController/<GetWallet>d__2::MoveNext()
DA:29,1
DA:30,1
DA:31,1
DA:32,1
DA:33,1
LF:26
LH:24
BRF:6
BRH:3
FNF:5
FNH:5
end_of_record
SF:C:\Users\Hp\source\repos\sportManagement\Configurations\Validation\CreateCourtDtoValidator.cs
FN:7,System.Void Assignment_Example_HU.Configurations.Validation.CreateCourtDtoValidator::.ctor()
FNDA:0,System.Void Assignment_Example_HU.Configurations.Validation.CreateCourtDtoValidator::.ctor()
DA:8,0
DA:9,0
DA:10,0
DA:11,0
DA:13,0
DA:14,0
DA:15,0
DA:17,0
DA:18,0
DA:19,0
DA:21,0
DA:22,0
DA:23,0
DA:25,0
DA:26,0
DA:27,0
DA:28,0
LF:17
LH:0
BRF:0
BRH:0
FNF:1
FNH:0
end_of_record
SF:C:\Users\Hp\source\repos\sportManagement\Configurations\Validation\CreateDiscountDtoValidator.cs
FN:7,System.Void Assignment_Example_HU.Configurations.Validation.CreateDiscountDtoValidator::.ctor()
FNDA:0,System.Void Assignment_Example_HU.Configurations.Validation.CreateDiscountDtoValidator::.ctor()
DA:8,0
DA:9,0
DA:10,0
DA:11,0
DA:12,0
DA:14,0
DA:15,0
DA:17,0
DA:18,0
DA:19,0
DA:20,0
DA:22,0
DA:23,0
DA:24,0
DA:25,0
DA:26,0
BRDA:23,14,0,0
BRDA:23,14,1,0
BRDA:23,30,0,0
BRDA:23,46,0,0
BRDA:23,46,1,0
BRDA:23,30,1,0
LF:16
LH:0
BRF:6
BRH:0
FNF:1
FNH:0
end_of_record
SF:C:\Users\Hp\source\repos\sportManagement\Configurations\Validation\CreateGameDtoValidator.cs
FN:7,System.Void Assignment_Example_HU.Configurations.Validation.CreateGameDtoValidator::.ctor()
FNDA:0,System.Void Assignment_Example_HU.Configurations.Validation.CreateGameDtoValidator::.ctor()
DA:8,0
DA:9,0
DA:10,0
DA:11,0
DA:13,0
DA:14,0
DA:15,0
DA:16,0
DA:18,0
DA:19,0
DA:20,0
DA:21,0
LF:12
LH:0
BRF:0
BRH:0
FNF:1
FNH:0
end_of_record
SF:C:\Users\Hp\source\repos\sportManagement\Configurations\Validation\CreateVenueDtoValidator.cs
FN:7,System.Void Assignment_Example_HU.Configurations.Validation.CreateVenueDtoValidator::.ctor()
FNDA:0,System.Void Assignment_Example_HU.Configurations.Validation.CreateVenueDtoValidator::.ctor()
DA:8,0
DA:9,0
DA:10,0
DA:11,0
DA:12,0
DA:14,0
DA:15,0
DA:16,0
DA:18,0
DA:19,0
DA:20,0
DA:21,0
LF:12
LH:0
BRF:0
BRH:0
FNF:1
FNH:0
end_of_record
SF:C:\Users\Hp\source\repos\sportManagement\Configurations\Validation\LoginRequestValidator.cs
FN:7,System.Void Assignment_Example_HU.Configurations.Validation.LoginRequestValidator::.ctor()
FNDA:0,System.Void Assignment_Example_HU.Configurations.Validation.LoginRequestValidator::.ctor()
DA:8,0
DA:9,0
DA:10,0
DA:11,0
DA:12,0
DA:13,0
DA:15,0
DA:16,0
DA:17,0
DA:18,0
LF:10
LH:0
BRF:0
BRH:0
FNF:1
FNH:0
end_of_record
SF:C:\Users\Hp\source\repos\sportManagement\Configurations\Validation\RegisterRequestValidator.cs
FN:7,System.Void Assignment_Example_HU.Configurations.Validation.RegisterRequestValidator::.ctor()
FNDA:0,System.Void Assignment_Example_HU.Configurations.Validation.RegisterRequestValidator::.ctor()
DA:8,0
DA:9,0
DA:10,0
DA:11,0
DA:12,0
DA:13,0
DA:15,0
DA:16,0
DA:17,0
DA:18,0
DA:20,0
DA:21,0
DA:22,0
DA:23,0
DA:24,0
LF:15
LH:0
BRF:0
BRH:0
FNF:1
FNH:0
end_of_record
SF:C:\Users\Hp\source\repos\sportManagement\Configurations\Swagger\ErrorResponseFilter.cs
FN:10,System.Void Assignment_Example_HU.Configurations.Swagger.ErrorResponseFilter::Apply(Microsoft.OpenApi.Models.OpenApiOperation,Swashbuckle.AspNetCore.SwaggerGen.OperationFilterContext)
FNDA:0,System.Void Assignment_Example_HU.Configurations.Swagger.ErrorResponseFilter::Apply(Microsoft.OpenApi.Models.OpenApiOperation,Swashbuckle.AspNetCore.SwaggerGen.OperationFilterContext)
DA:11,0
DA:12,0
DA:13,0
DA:16,0
DA:17,0
DA:19,0
DA:20,0
DA:22,0
DA:23,0
DA:25,0
DA:26,0
DA:28,0
DA:29,0
DA:31,0
DA:32,0
DA:33,0
BRDA:12,12,0,0
BRDA:12,12,1,0
BRDA:16,47,0,0
BRDA:16,47,1,0
BRDA:19,104,0,0
BRDA:19,104,1,0
BRDA:22,161,0,0
BRDA:22,161,1,0
BRDA:25,220,0,0
BRDA:25,220,1,0
BRDA:28,279,0,0
BRDA:28,279,1,0
BRDA:31,338,0,0
BRDA:31,338,1,0
LF:16
LH:0
BRF:14
BRH:0
FNF:1
FNH:0
end_of_record
SF:C:\Users\Hp\source\repos\sportManagement\BackgroundServices\DiscountExpiryService.cs
FN:17,System.Void Assignment_Example_HU.BackgroundServices.DiscountExpiryService::.ctor(System.IServiceProvider,Microsoft.Extensions.Logging.ILogger`1<Assignment_Example_HU.BackgroundServices.DiscountExpiryService>)
FNDA:0,System.Void Assignment_Example_HU.BackgroundServices.DiscountExpiryService::.ctor(System.IServiceProvider,Microsoft.Extensions.Logging.ILogger`1<Assignment_Example_HU.BackgroundServices.DiscountExpiryService>)
DA:18,0
DA:20,0
DA:21,0
DA:22,0
DA:23,0
DA:24,0
DA:25,0
DA:26,0
FN:28,System.Void Assignment_Example_HU.BackgroundServices.DiscountExpiryService/<ExecuteAsync>d__4::MoveNext()
FNDA:0,System.Void Assignment_Example_HU.BackgroundServices.DiscountExpiryService/<ExecuteAsync>d__4::MoveNext()
DA:29,0
DA:30,0
DA:32,0
DA:33,0
DA:35,0
DA:36,0
DA:37,0
DA:38,0
DA:39,0
DA:40,0
DA:41,0
DA:43,0
DA:44,0
DA:46,0
DA:47,0
BRDA:32,351,1,0
BRDA:32,351,0,0
FN:49,System.Void Assignment_Example_HU.BackgroundServices.DiscountExpiryService/<ExpireDiscountsAsync>d__5::MoveNext()
FNDA:0,System.Void Assignment_Example_HU.BackgroundServices.DiscountExpiryService/<ExpireDiscountsAsync>d__5::MoveNext()
DA:50,0
DA:51,0
DA:52,0
DA:53,0
DA:56,0
DA:57,0
DA:60,0
DA:61,0
DA:62,0
DA:64,0
DA:65,0
DA:66,0
DA:67,0
DA:68,0
DA:70,0
DA:71,0
DA:72,0
DA:73,0
DA:74,0
DA:75,0
DA:76,0
DA:77,0
DA:78,0
DA:79,0
DA:81,0
BRDA:64,633,1,0
BRDA:64,633,0,0
BRDA:70,690,0,0
BRDA:70,690,1,0
LF:48
LH:0
BRF:6
BRH:0
FNF:3
FNH:0
end_of_record
SF:C:\Users\Hp\source\repos\sportManagement\BackgroundServices\GameAutoCancelService.cs
FN:14,System.Void Assignment_Example_HU.BackgroundServices.GameAutoCancelService::.ctor(System.IServiceProvider,Microsoft.Extensions.Logging.ILogger`1<Assignment_Example_HU.BackgroundServices.GameAutoCancelService>)
FNDA:0,System.Void Assignment_Example_HU.BackgroundServices.GameAutoCancelService::.ctor(System.IServiceProvider,Microsoft.Extensions.Logging.ILogger`1<Assignment_Example_HU.BackgroundServices.GameAutoCancelService>)
DA:15,0
DA:17,0
DA:18,0
DA:19,0
DA:20,0
DA:21,0
DA:22,0
DA:23,0
FN:25,System.Void Assignment_Example_HU.BackgroundServices.GameAutoCancelService/<ExecuteAsync>d__4::MoveNext()
FNDA:0,System.Void Assignment_Example_HU.BackgroundServices.GameAutoCancelService/<ExecuteAsync>d__4::MoveNext()
DA:26,0
DA:27,0
DA:29,0
DA:30,0
DA:32,0
DA:33,0
DA:34,0
DA:35,0
DA:36,0
DA:37,0
DA:38,0
DA:40,0
DA:41,0
DA:43,0
DA:44,0
BRDA:29,351,1,0
BRDA:29,351,0,0
FN:46,System.Void Assignment_Example_HU.BackgroundServices.GameAutoCancelService/<ProcessPendingGamesAsync>d__5::MoveNext()
FNDA:0,System.Void Assignment_Example_HU.BackgroundServices.GameAutoCancelService/<ProcessPendingGamesAsync>d__5::MoveNext()
DA:47,0
DA:48,0
DA:49,0
DA:52,0
DA:53,0
DA:54,0
DA:55,0
DA:56,0
DA:57,0
DA:58,0
DA:59,0
DA:60,0
DA:62,0
LF:36
LH:0
BRF:2
BRH:0
FNF:3
FNH:0
end_of_record
SF:C:\Users\Hp\source\repos\sportManagement\BackgroundServices\RefundProcessingService.cs
FN:14,System.Void Assignment_Example_HU.BackgroundServices.RefundProcessingService::.ctor(System.IServiceProvider,Microsoft.Extensions.Logging.ILogger`1<Assignment_Example_HU.BackgroundServices.RefundProcessingService>)
FNDA:0,System.Void Assignment_Example_HU.BackgroundServices.RefundProcessingService::.ctor(System.IServiceProvider,Microsoft.Extensions.Logging.ILogger`1<Assignment_Example_HU.BackgroundServices.RefundProcessingService>)
DA:15,0
DA:17,0
DA:18,0
DA:19,0
DA:20,0
DA:21,0
DA:22,0
DA:23,0
FN:25,System.Void Assignment_Example_HU.BackgroundServices.RefundProcessingService/<ExecuteAsync>d__4::MoveNext()
FNDA:0,System.Void Assignment_Example_HU.BackgroundServices.RefundProcessingService/<ExecuteAsync>d__4::MoveNext()
DA:26,0
DA:27,0
DA:29,0
DA:30,0
DA:32,0
DA:33,0
DA:34,0
DA:35,0
DA:36,0
DA:37,0
DA:38,0
DA:40,0
DA:41,0
DA:43,0
DA:44,0
BRDA:29,351,1,0
BRDA:29,351,0,0
FN:46,System.Void Assignment_Example_HU.BackgroundServices.RefundProcessingService/<ProcessPendingRefundsAsync>d__5::MoveNext()
FNDA:0,System.Void Assignment_Example_HU.BackgroundServices.RefundProcessingService/<ProcessPendingRefundsAsync>d__5::MoveNext()
DA:47,0
DA:48,0
DA:49,0
DA:52,0
DA:53,0
DA:54,0
DA:55,0
DA:56,0
DA:57,0
DA:58,0
DA:59,0
DA:60,0
DA:62,0
LF:36
LH:0
BRF:2
BRH:0
FNF:3
FNH:0
end_of_record
SF:C:\Users\Hp\source\repos\sportManagement\BackgroundServices\SlotLockExpiryService.cs
FN:14,System.Void Assignment_Example_HU.BackgroundServices.SlotLockExpiryService::.ctor(System.IServiceProvider,Microsoft.Extensions.Logging.ILogger`1<Assignment_Example_HU.BackgroundServices.SlotLockExpiryService>)
FNDA:0,System.Void Assignment_Example_HU.BackgroundServices.SlotLockExpiryService::.ctor(System.IServiceProvider,Microsoft.Extensions.Logging.ILogger`1<Assignment_Example_HU.BackgroundServices.SlotLockExpiryService>)
DA:15,0
DA:17,0
DA:18,0
DA:19,0
DA:20,0
DA:21,0
DA:22,0
DA:23,0
FN:25,System.Void Assignment_Example_HU.BackgroundServices.SlotLockExpiryService/<ExecuteAsync>d__4::MoveNext()
FNDA:0,System.Void Assignment_Example_HU.BackgroundServices.SlotLockExpiryService/<ExecuteAsync>d__4::MoveNext()
DA:26,0
DA:27,0
DA:29,0
DA:30,0
DA:32,0
DA:33,0
DA:34,0
DA:35,0
DA:36,0
DA:37,0
DA:38,0
DA:40,0
DA:41,0
DA:43,0
DA:44,0
BRDA:29,351,1,0
BRDA:29,351,0,0
FN:46,System.Void Assignment_Example_HU.BackgroundServices.SlotLockExpiryService/<ExpireLocksAsync>d__5::MoveNext()
FNDA:0,System.Void Assignment_Example_HU.BackgroundServices.SlotLockExpiryService/<ExpireLocksAsync>d__5::MoveNext()
DA:47,0
DA:48,0
DA:49,0
DA:52,0
DA:53,0
DA:54,0
DA:55,0
DA:56,0
DA:57,0
DA:58,0
DA:60,0
LF:34
LH:0
BRF:2
BRH:0
FNF:3
FNH:0
end_of_record
SF:C:\Users\Hp\source\repos\sportManagement\BackgroundServices\WaitlistCleanupService.cs
FN:18,System.Void Assignment_Example_HU.BackgroundServices.WaitlistCleanupService::.ctor(System.IServiceProvider,Microsoft.Extensions.Logging.ILogger`1<Assignment_Example_HU.BackgroundServices.WaitlistCleanupService>)
FNDA:0,System.Void Assignment_Example_HU.BackgroundServices.WaitlistCleanupService::.ctor(System.IServiceProvider,Microsoft.Extensions.Logging.ILogger`1<Assignment_Example_HU.BackgroundServices.WaitlistCleanupService>)
DA:19,0
DA:21,0
DA:22,0
DA:23,0
DA:24,0
DA:25,0
DA:26,0
DA:27,0
FN:50,System.Void Assignment_Example_HU.BackgroundServices.WaitlistCleanupService/<CleanupWaitlistsForStartedGamesAsync>d__5::MoveNext()
FNDA:0,System.Void Assignment_Example_HU.BackgroundServices.WaitlistCleanupService/<CleanupWaitlistsForStartedGamesAsync>d__5::MoveNext()
DA:51,0
DA:52,0
DA:53,0
DA:54,0
DA:57,0
DA:58,0
DA:61,0
DA:62,0
DA:63,0
DA:64,0
DA:65,0
DA:67,0
DA:68,0
DA:69,0
DA:70,0
DA:71,0
DA:73,0
DA:74,0
DA:75,0
DA:76,0
DA:77,0
DA:78,0
DA:79,0
DA:80,0
DA:81,0
DA:83,0
BRDA:67,924,1,0
BRDA:67,924,0,0
BRDA:73,981,0,0
BRDA:73,981,1,0
FN:29,System.Void Assignment_Example_HU.BackgroundServices.WaitlistCleanupService/<ExecuteAsync>d__4::MoveNext()
FNDA:0,System.Void Assignment_Example_HU.BackgroundServices.WaitlistCleanupService/<ExecuteAsync>d__4::MoveNext()
DA:30,0
DA:31,0
DA:33,0
DA:34,0
DA:36,0
DA:37,0
DA:38,0
DA:39,0
DA:40,0
DA:41,0
DA:42,0
DA:44,0
DA:45,0
DA:47,0
DA:48,0
BRDA:33,351,1,0
BRDA:33,351,0,0
LF:49
LH:0
BRF:6
BRH:0
FNF:3
FNH:0
end_of_record